TN:
SF:dist/assets/AdminCourses-Cm0tLMeh.js
FN:1,(empty-report)
FNF:1
FNH:0
FNDA:0,(empty-report)
DA:1,0
LF:1
LH:0
BRDA:1,0,0,0
BRF:1
BRH:0
end_of_record
TN:
SF:dist/assets/AdminProblemEditor-C1RasCTG.js
FN:1,(empty-report)
FNF:1
FNH:0
FNDA:0,(empty-report)
DA:1,0
LF:1
LH:0
BRDA:1,0,0,0
BRF:1
BRH:0
end_of_record
TN:
SF:dist/assets/AdminProblemSets-DzDa0iIC.js
FN:1,(empty-report)
FNF:1
FNH:0
FNDA:0,(empty-report)
DA:1,0
LF:1
LH:0
BRDA:1,0,0,0
BRF:1
BRH:0
end_of_record
TN:
SF:dist/assets/AdminProblems-BSyz2jY5.js
FN:1,(empty-report)
FNF:1
FNH:0
FNDA:0,(empty-report)
DA:1,0
LF:1
LH:0
BRDA:1,0,0,0
BRF:1
BRH:0
end_of_record
TN:
SF:dist/assets/AdminSubmissions-LvhW83r4.js
FN:1,(empty-report)
FNF:1
FNH:0
FNDA:0,(empty-report)
DA:1,0
LF:1
LH:0
BRDA:1,0,0,0
BRF:1
BRH:0
end_of_record
TN:
SF:dist/assets/CourseDetail-DqZ61GjV.js
FN:1,(empty-report)
FNF:1
FNH:0
FNDA:0,(empty-report)
DA:1,0
LF:1
LH:0
BRDA:1,0,0,0
BRF:1
BRH:0
end_of_record
TN:
SF:dist/assets/index-5U1R8Pn-.js
FN:1,(empty-report)
FNF:1
FNH:0
FNDA:0,(empty-report)
DA:1,0
DA:2,0
DA:3,0
DA:4,0
DA:5,0
DA:6,0
DA:7,0
DA:8,0
DA:9,0
DA:10,0
DA:11,0
DA:12,0
DA:13,0
DA:14,0
DA:15,0
DA:16,0
DA:17,0
DA:18,0
DA:19,0
DA:20,0
DA:21,0
DA:22,0
DA:23,0
DA:24,0
DA:25,0
DA:26,0
DA:27,0
DA:28,0
DA:29,0
DA:30,0
DA:31,0
DA:32,0
DA:33,0
DA:34,0
DA:35,0
DA:36,0
DA:37,0
DA:38,0
DA:39,0
DA:40,0
DA:41,0
DA:42,0
DA:43,0
DA:44,0
DA:45,0
DA:46,0
DA:47,0
DA:48,0
DA:49,0
DA:50,0
DA:51,0
DA:52,0
DA:53,0
DA:54,0
DA:55,0
DA:56,0
DA:57,0
DA:58,0
DA:59,0
DA:60,0
DA:61,0
DA:62,0
DA:63,0
DA:64,0
DA:65,0
DA:66,0
DA:67,0
DA:68,0
DA:69,0
DA:70,0
DA:71,0
DA:72,0
DA:73,0
DA:74,0
DA:75,0
DA:76,0
DA:77,0
DA:78,0
DA:79,0
DA:80,0
DA:81,0
DA:82,0
DA:83,0
DA:84,0
DA:85,0
DA:86,0
DA:87,0
DA:88,0
DA:89,0
DA:90,0
DA:91,0
DA:92,0
DA:93,0
DA:94,0
DA:95,0
DA:96,0
DA:97,0
DA:98,0
DA:99,0
DA:100,0
DA:101,0
DA:102,0
DA:103,0
DA:104,0
DA:105,0
DA:106,0
DA:107,0
DA:108,0
DA:109,0
DA:110,0
DA:111,0
DA:112,0
DA:113,0
DA:114,0
DA:115,0
DA:116,0
DA:117,0
DA:118,0
DA:119,0
DA:120,0
DA:121,0
DA:122,0
DA:123,0
DA:124,0
DA:125,0
DA:126,0
DA:127,0
DA:128,0
DA:129,0
DA:130,0
DA:131,0
DA:132,0
DA:133,0
DA:134,0
DA:135,0
DA:136,0
DA:137,0
DA:138,0
DA:139,0
DA:140,0
DA:141,0
DA:142,0
DA:143,0
DA:144,0
DA:145,0
DA:146,0
DA:147,0
DA:148,0
DA:149,0
DA:150,0
DA:151,0
DA:152,0
DA:153,0
DA:154,0
DA:155,0
DA:156,0
DA:157,0
DA:158,0
DA:159,0
DA:160,0
DA:161,0
DA:162,0
DA:163,0
DA:164,0
DA:165,0
DA:166,0
DA:167,0
DA:168,0
DA:169,0
DA:170,0
DA:171,0
DA:172,0
DA:173,0
DA:174,0
DA:175,0
DA:176,0
DA:177,0
DA:178,0
DA:179,0
DA:180,0
DA:181,0
DA:182,0
DA:183,0
DA:184,0
DA:185,0
DA:186,0
DA:187,0
DA:188,0
DA:189,0
DA:190,0
DA:191,0
DA:192,0
DA:193,0
DA:194,0
DA:195,0
DA:196,0
DA:197,0
DA:198,0
DA:199,0
DA:200,0
DA:201,0
DA:202,0
DA:203,0
DA:204,0
DA:205,0
DA:206,0
DA:207,0
DA:208,0
DA:209,0
DA:210,0
DA:211,0
DA:212,0
DA:213,0
DA:214,0
DA:215,0
DA:216,0
DA:217,0
DA:218,0
DA:219,0
DA:220,0
DA:221,0
DA:222,0
DA:223,0
DA:224,0
DA:225,0
DA:226,0
DA:227,0
DA:228,0
DA:229,0
DA:230,0
DA:231,0
DA:232,0
DA:233,0
DA:234,0
DA:235,0
DA:236,0
DA:237,0
DA:238,0
DA:239,0
DA:240,0
DA:241,0
DA:242,0
DA:243,0
DA:244,0
DA:245,0
DA:246,0
DA:247,0
DA:248,0
DA:249,0
DA:250,0
DA:251,0
DA:252,0
DA:253,0
DA:254,0
DA:255,0
DA:256,0
DA:257,0
DA:258,0
DA:259,0
DA:260,0
DA:261,0
DA:262,0
DA:263,0
DA:264,0
DA:265,0
DA:266,0
DA:267,0
DA:268,0
DA:269,0
DA:270,0
DA:271,0
DA:272,0
DA:273,0
DA:274,0
DA:275,0
DA:276,0
DA:277,0
DA:278,0
DA:279,0
DA:280,0
DA:281,0
DA:282,0
DA:283,0
DA:284,0
DA:285,0
DA:286,0
DA:287,0
DA:288,0
DA:289,0
DA:290,0
DA:291,0
DA:292,0
DA:293,0
DA:294,0
DA:295,0
DA:296,0
DA:297,0
DA:298,0
DA:299,0
DA:300,0
DA:301,0
DA:302,0
DA:303,0
DA:304,0
DA:305,0
DA:306,0
DA:307,0
DA:308,0
DA:309,0
DA:310,0
DA:311,0
DA:312,0
DA:313,0
DA:314,0
DA:315,0
DA:316,0
DA:317,0
DA:318,0
DA:319,0
DA:320,0
DA:321,0
DA:322,0
DA:323,0
DA:324,0
DA:325,0
DA:326,0
DA:327,0
DA:328,0
DA:329,0
DA:330,0
DA:331,0
DA:332,0
DA:333,0
DA:334,0
DA:335,0
DA:336,0
DA:337,0
DA:338,0
DA:339,0
DA:340,0
DA:341,0
DA:342,0
DA:343,0
DA:344,0
DA:345,0
DA:346,0
DA:347,0
DA:348,0
DA:349,0
DA:350,0
DA:351,0
DA:352,0
DA:353,0
DA:354,0
DA:355,0
DA:356,0
DA:357,0
DA:358,0
DA:359,0
DA:360,0
DA:361,0
DA:362,0
DA:363,0
DA:364,0
DA:365,0
DA:366,0
DA:367,0
DA:368,0
DA:369,0
DA:370,0
DA:371,0
DA:372,0
DA:373,0
DA:374,0
DA:375,0
DA:376,0
DA:377,0
DA:378,0
DA:379,0
DA:380,0
DA:381,0
DA:382,0
DA:383,0
DA:384,0
DA:385,0
DA:386,0
DA:387,0
DA:388,0
DA:389,0
DA:390,0
DA:391,0
DA:392,0
DA:393,0
DA:394,0
DA:395,0
DA:396,0
DA:397,0
DA:398,0
DA:399,0
DA:400,0
DA:401,0
DA:402,0
DA:403,0
DA:404,0
DA:405,0
DA:406,0
DA:407,0
DA:408,0
DA:409,0
DA:410,0
DA:411,0
DA:412,0
DA:413,0
DA:414,0
DA:415,0
DA:416,0
DA:417,0
DA:418,0
DA:419,0
DA:420,0
DA:421,0
DA:422,0
DA:423,0
DA:424,0
DA:425,0
DA:426,0
DA:427,0
DA:428,0
DA:429,0
DA:430,0
DA:431,0
DA:432,0
DA:433,0
DA:434,0
DA:435,0
DA:436,0
DA:437,0
DA:438,0
DA:439,0
DA:440,0
DA:441,0
DA:442,0
DA:443,0
DA:444,0
DA:445,0
DA:446,0
DA:447,0
DA:448,0
DA:449,0
DA:450,0
DA:451,0
DA:452,0
DA:453,0
DA:454,0
DA:455,0
DA:456,0
DA:457,0
DA:458,0
DA:459,0
DA:460,0
DA:461,0
DA:462,0
DA:463,0
DA:464,0
DA:465,0
DA:466,0
DA:467,0
DA:468,0
DA:469,0
DA:470,0
DA:471,0
DA:472,0
DA:473,0
DA:474,0
DA:475,0
DA:476,0
DA:477,0
DA:478,0
DA:479,0
DA:480,0
DA:481,0
DA:482,0
DA:483,0
DA:484,0
DA:485,0
DA:486,0
DA:487,0
DA:488,0
DA:489,0
DA:490,0
DA:491,0
DA:492,0
DA:493,0
DA:494,0
DA:495,0
DA:496,0
DA:497,0
DA:498,0
DA:499,0
DA:500,0
DA:501,0
DA:502,0
DA:503,0
DA:504,0
DA:505,0
DA:506,0
DA:507,0
DA:508,0
DA:509,0
DA:510,0
DA:511,0
DA:512,0
DA:513,0
DA:514,0
DA:515,0
DA:516,0
DA:517,0
DA:518,0
DA:519,0
DA:520,0
DA:521,0
DA:522,0
DA:523,0
DA:524,0
DA:525,0
DA:526,0
DA:527,0
DA:528,0
DA:529,0
DA:530,0
DA:531,0
DA:532,0
DA:533,0
DA:534,0
DA:535,0
DA:536,0
DA:537,0
DA:538,0
DA:539,0
DA:540,0
DA:541,0
DA:542,0
DA:543,0
DA:544,0
DA:545,0
DA:546,0
DA:547,0
DA:548,0
DA:549,0
DA:550,0
DA:551,0
DA:552,0
DA:553,0
DA:554,0
DA:555,0
DA:556,0
DA:557,0
DA:558,0
DA:559,0
DA:560,0
DA:561,0
DA:562,0
DA:563,0
DA:564,0
DA:565,0
DA:566,0
DA:567,0
DA:568,0
DA:569,0
DA:570,0
DA:571,0
DA:572,0
DA:573,0
DA:574,0
DA:575,0
DA:576,0
DA:577,0
DA:578,0
DA:579,0
DA:580,0
DA:581,0
DA:582,0
DA:583,0
DA:584,0
DA:585,0
DA:586,0
DA:587,0
DA:588,0
DA:589,0
DA:590,0
DA:591,0
DA:592,0
DA:593,0
DA:594,0
DA:595,0
DA:596,0
DA:597,0
DA:598,0
DA:599,0
DA:600,0
DA:601,0
DA:602,0
DA:603,0
DA:604,0
DA:605,0
DA:606,0
DA:607,0
DA:608,0
DA:609,0
DA:610,0
DA:611,0
DA:612,0
DA:613,0
DA:614,0
DA:615,0
DA:616,0
DA:617,0
DA:618,0
DA:619,0
DA:620,0
DA:621,0
DA:622,0
DA:623,0
DA:624,0
DA:625,0
DA:626,0
DA:627,0
DA:628,0
DA:629,0
DA:630,0
DA:631,0
DA:632,0
DA:633,0
DA:634,0
DA:635,0
DA:636,0
DA:637,0
DA:638,0
DA:639,0
DA:640,0
DA:641,0
DA:642,0
DA:643,0
DA:644,0
DA:645,0
DA:646,0
DA:647,0
DA:648,0
DA:649,0
DA:650,0
DA:651,0
DA:652,0
DA:653,0
DA:654,0
DA:655,0
DA:656,0
DA:657,0
DA:658,0
DA:659,0
DA:660,0
DA:661,0
DA:662,0
DA:663,0
DA:664,0
DA:665,0
DA:666,0
DA:667,0
DA:668,0
DA:669,0
DA:670,0
DA:671,0
DA:672,0
DA:673,0
DA:674,0
DA:675,0
DA:676,0
DA:677,0
DA:678,0
DA:679,0
DA:680,0
DA:681,0
DA:682,0
DA:683,0
DA:684,0
DA:685,0
DA:686,0
DA:687,0
DA:688,0
DA:689,0
DA:690,0
DA:691,0
DA:692,0
DA:693,0
DA:694,0
DA:695,0
DA:696,0
DA:697,0
DA:698,0
DA:699,0
DA:700,0
DA:701,0
DA:702,0
DA:703,0
DA:704,0
DA:705,0
DA:706,0
DA:707,0
DA:708,0
DA:709,0
DA:710,0
DA:711,0
DA:712,0
DA:713,0
DA:714,0
DA:715,0
DA:716,0
DA:717,0
DA:718,0
DA:719,0
DA:720,0
DA:721,0
DA:722,0
DA:723,0
DA:724,0
DA:725,0
DA:726,0
DA:727,0
DA:728,0
DA:729,0
DA:730,0
DA:731,0
DA:732,0
DA:733,0
DA:734,0
DA:735,0
DA:736,0
DA:737,0
DA:738,0
DA:739,0
DA:740,0
DA:741,0
DA:742,0
DA:743,0
DA:744,0
DA:745,0
DA:746,0
DA:747,0
DA:748,0
DA:749,0
DA:750,0
DA:751,0
DA:752,0
DA:753,0
DA:754,0
DA:755,0
DA:756,0
DA:757,0
DA:758,0
DA:759,0
DA:760,0
DA:761,0
DA:762,0
DA:763,0
DA:764,0
DA:765,0
DA:766,0
DA:767,0
DA:768,0
DA:769,0
DA:770,0
DA:771,0
DA:772,0
DA:773,0
DA:774,0
DA:775,0
DA:776,0
DA:777,0
DA:778,0
DA:779,0
DA:780,0
DA:781,0
DA:782,0
DA:783,0
DA:784,0
DA:785,0
DA:786,0
DA:787,0
DA:788,0
DA:789,0
DA:790,0
DA:791,0
DA:792,0
DA:793,0
DA:794,0
DA:795,0
DA:796,0
DA:797,0
DA:798,0
DA:799,0
DA:800,0
DA:801,0
DA:802,0
DA:803,0
DA:804,0
DA:805,0
DA:806,0
DA:807,0
DA:808,0
DA:809,0
DA:810,0
DA:811,0
DA:812,0
DA:813,0
DA:814,0
DA:815,0
DA:816,0
DA:817,0
DA:818,0
DA:819,0
DA:820,0
DA:821,0
DA:822,0
DA:823,0
DA:824,0
DA:825,0
DA:826,0
DA:827,0
DA:828,0
DA:829,0
DA:830,0
DA:831,0
DA:832,0
DA:833,0
DA:834,0
DA:835,0
DA:836,0
DA:837,0
DA:838,0
DA:839,0
DA:840,0
DA:841,0
DA:842,0
DA:843,0
DA:844,0
DA:845,0
DA:846,0
DA:847,0
DA:848,0
DA:849,0
DA:850,0
DA:851,0
DA:852,0
DA:853,0
DA:854,0
DA:855,0
DA:856,0
DA:857,0
DA:858,0
DA:859,0
DA:860,0
DA:861,0
DA:862,0
DA:863,0
DA:864,0
DA:865,0
DA:866,0
DA:867,0
DA:868,0
DA:869,0
DA:870,0
DA:871,0
DA:872,0
DA:873,0
DA:874,0
DA:875,0
DA:876,0
DA:877,0
DA:878,0
DA:879,0
DA:880,0
DA:881,0
DA:882,0
DA:883,0
DA:884,0
DA:885,0
DA:886,0
DA:887,0
DA:888,0
DA:889,0
DA:890,0
DA:891,0
DA:892,0
DA:893,0
DA:894,0
DA:895,0
DA:896,0
DA:897,0
DA:898,0
DA:899,0
DA:900,0
DA:901,0
DA:902,0
DA:903,0
DA:904,0
DA:905,0
DA:906,0
DA:907,0
DA:908,0
DA:909,0
DA:910,0
DA:911,0
DA:912,0
DA:913,0
DA:914,0
DA:915,0
DA:916,0
DA:917,0
DA:918,0
DA:919,0
DA:920,0
DA:921,0
DA:922,0
DA:923,0
DA:924,0
DA:925,0
DA:926,0
DA:927,0
DA:928,0
DA:929,0
DA:930,0
DA:931,0
DA:932,0
DA:933,0
DA:934,0
DA:935,0
DA:936,0
DA:937,0
DA:938,0
DA:939,0
DA:940,0
DA:941,0
DA:942,0
DA:943,0
DA:944,0
DA:945,0
DA:946,0
DA:947,0
DA:948,0
DA:949,0
DA:950,0
DA:951,0
DA:952,0
DA:953,0
DA:954,0
DA:955,0
DA:956,0
DA:957,0
DA:958,0
DA:959,0
DA:960,0
DA:961,0
DA:962,0
DA:963,0
DA:964,0
DA:965,0
DA:966,0
DA:967,0
DA:968,0
DA:969,0
DA:970,0
DA:971,0
DA:972,0
DA:973,0
DA:974,0
DA:975,0
DA:976,0
DA:977,0
DA:978,0
DA:979,0
DA:980,0
DA:981,0
DA:982,0
DA:983,0
DA:984,0
DA:985,0
DA:986,0
DA:987,0
DA:988,0
DA:989,0
DA:990,0
DA:991,0
DA:992,0
DA:993,0
DA:994,0
DA:995,0
DA:996,0
DA:997,0
DA:998,0
DA:999,0
DA:1000,0
DA:1001,0
DA:1002,0
DA:1003,0
DA:1004,0
DA:1005,0
DA:1006,0
DA:1007,0
DA:1008,0
DA:1009,0
DA:1010,0
DA:1011,0
DA:1012,0
DA:1013,0
DA:1014,0
DA:1015,0
DA:1016,0
DA:1017,0
DA:1018,0
DA:1019,0
DA:1020,0
DA:1021,0
DA:1022,0
DA:1023,0
DA:1024,0
DA:1025,0
DA:1026,0
DA:1027,0
DA:1028,0
DA:1029,0
DA:1030,0
DA:1031,0
DA:1032,0
DA:1033,0
DA:1034,0
DA:1035,0
DA:1036,0
DA:1037,0
DA:1038,0
DA:1039,0
DA:1040,0
DA:1041,0
DA:1042,0
DA:1043,0
DA:1044,0
DA:1045,0
DA:1046,0
DA:1047,0
DA:1048,0
DA:1049,0
DA:1050,0
DA:1051,0
DA:1052,0
DA:1053,0
DA:1054,0
DA:1055,0
DA:1056,0
DA:1057,0
DA:1058,0
DA:1059,0
DA:1060,0
DA:1061,0
DA:1062,0
DA:1063,0
DA:1064,0
DA:1065,0
DA:1066,0
DA:1067,0
DA:1068,0
DA:1069,0
DA:1070,0
DA:1071,0
DA:1072,0
DA:1073,0
DA:1074,0
DA:1075,0
DA:1076,0
DA:1077,0
DA:1078,0
DA:1079,0
DA:1080,0
DA:1081,0
DA:1082,0
DA:1083,0
DA:1084,0
DA:1085,0
DA:1086,0
DA:1087,0
DA:1088,0
DA:1089,0
DA:1090,0
DA:1091,0
DA:1092,0
DA:1093,0
DA:1094,0
DA:1095,0
DA:1096,0
DA:1097,0
DA:1098,0
DA:1099,0
DA:1100,0
DA:1101,0
DA:1102,0
DA:1103,0
DA:1104,0
DA:1105,0
DA:1106,0
DA:1107,0
DA:1108,0
DA:1109,0
DA:1110,0
DA:1111,0
DA:1112,0
DA:1113,0
DA:1114,0
DA:1115,0
DA:1116,0
DA:1117,0
DA:1118,0
DA:1119,0
DA:1120,0
DA:1121,0
DA:1122,0
DA:1123,0
DA:1124,0
DA:1125,0
DA:1126,0
DA:1127,0
DA:1128,0
DA:1129,0
DA:1130,0
DA:1131,0
DA:1132,0
DA:1133,0
DA:1134,0
DA:1135,0
DA:1136,0
DA:1137,0
DA:1138,0
DA:1139,0
DA:1140,0
DA:1141,0
DA:1142,0
DA:1143,0
DA:1144,0
DA:1145,0
DA:1146,0
DA:1147,0
DA:1148,0
DA:1149,0
DA:1150,0
DA:1151,0
DA:1152,0
DA:1153,0
DA:1154,0
DA:1155,0
DA:1156,0
DA:1157,0
DA:1158,0
DA:1159,0
DA:1160,0
DA:1161,0
DA:1162,0
DA:1163,0
DA:1164,0
DA:1165,0
DA:1166,0
DA:1167,0
DA:1168,0
DA:1169,0
DA:1170,0
DA:1171,0
DA:1172,0
DA:1173,0
DA:1174,0
DA:1175,0
DA:1176,0
DA:1177,0
DA:1178,0
DA:1179,0
DA:1180,0
DA:1181,0
DA:1182,0
DA:1183,0
DA:1184,0
DA:1185,0
DA:1186,0
DA:1187,0
DA:1188,0
DA:1189,0
DA:1190,0
DA:1191,0
DA:1192,0
DA:1193,0
DA:1194,0
DA:1195,0
DA:1196,0
DA:1197,0
DA:1198,0
DA:1199,0
DA:1200,0
DA:1201,0
DA:1202,0
DA:1203,0
DA:1204,0
DA:1205,0
DA:1206,0
DA:1207,0
DA:1208,0
DA:1209,0
DA:1210,0
DA:1211,0
DA:1212,0
DA:1213,0
DA:1214,0
DA:1215,0
DA:1216,0
DA:1217,0
DA:1218,0
DA:1219,0
DA:1220,0
DA:1221,0
DA:1222,0
DA:1223,0
DA:1224,0
DA:1225,0
DA:1226,0
DA:1227,0
DA:1228,0
DA:1229,0
DA:1230,0
DA:1231,0
DA:1232,0
DA:1233,0
DA:1234,0
DA:1235,0
DA:1236,0
DA:1237,0
DA:1238,0
DA:1239,0
DA:1240,0
DA:1241,0
DA:1242,0
DA:1243,0
DA:1244,0
DA:1245,0
DA:1246,0
DA:1247,0
DA:1248,0
DA:1249,0
DA:1250,0
DA:1251,0
DA:1252,0
DA:1253,0
DA:1254,0
DA:1255,0
DA:1256,0
DA:1257,0
DA:1258,0
DA:1259,0
DA:1260,0
DA:1261,0
DA:1262,0
DA:1263,0
DA:1264,0
DA:1265,0
DA:1266,0
DA:1267,0
DA:1268,0
DA:1269,0
DA:1270,0
DA:1271,0
DA:1272,0
DA:1273,0
DA:1274,0
DA:1275,0
DA:1276,0
DA:1277,0
DA:1278,0
DA:1279,0
DA:1280,0
DA:1281,0
DA:1282,0
DA:1283,0
DA:1284,0
DA:1285,0
DA:1286,0
DA:1287,0
DA:1288,0
DA:1289,0
DA:1290,0
DA:1291,0
DA:1292,0
DA:1293,0
DA:1294,0
DA:1295,0
DA:1296,0
DA:1297,0
DA:1298,0
DA:1299,0
DA:1300,0
DA:1301,0
DA:1302,0
DA:1303,0
DA:1304,0
DA:1305,0
DA:1306,0
DA:1307,0
DA:1308,0
DA:1309,0
DA:1310,0
DA:1311,0
DA:1312,0
DA:1313,0
DA:1314,0
DA:1315,0
DA:1316,0
DA:1317,0
DA:1318,0
DA:1319,0
DA:1320,0
DA:1321,0
DA:1322,0
DA:1323,0
DA:1324,0
DA:1325,0
DA:1326,0
DA:1327,0
DA:1328,0
DA:1329,0
DA:1330,0
DA:1331,0
DA:1332,0
DA:1333,0
DA:1334,0
DA:1335,0
DA:1336,0
DA:1337,0
DA:1338,0
DA:1339,0
DA:1340,0
DA:1341,0
DA:1342,0
DA:1343,0
DA:1344,0
DA:1345,0
DA:1346,0
DA:1347,0
DA:1348,0
DA:1349,0
DA:1350,0
DA:1351,0
DA:1352,0
DA:1353,0
DA:1354,0
DA:1355,0
DA:1356,0
DA:1357,0
DA:1358,0
DA:1359,0
DA:1360,0
DA:1361,0
DA:1362,0
DA:1363,0
DA:1364,0
DA:1365,0
DA:1366,0
DA:1367,0
DA:1368,0
DA:1369,0
DA:1370,0
DA:1371,0
DA:1372,0
DA:1373,0
DA:1374,0
DA:1375,0
DA:1376,0
DA:1377,0
DA:1378,0
DA:1379,0
DA:1380,0
DA:1381,0
DA:1382,0
DA:1383,0
DA:1384,0
DA:1385,0
DA:1386,0
DA:1387,0
DA:1388,0
DA:1389,0
DA:1390,0
DA:1391,0
DA:1392,0
DA:1393,0
DA:1394,0
DA:1395,0
DA:1396,0
DA:1397,0
DA:1398,0
DA:1399,0
DA:1400,0
DA:1401,0
DA:1402,0
DA:1403,0
DA:1404,0
DA:1405,0
DA:1406,0
DA:1407,0
DA:1408,0
DA:1409,0
DA:1410,0
DA:1411,0
DA:1412,0
DA:1413,0
DA:1414,0
DA:1415,0
DA:1416,0
DA:1417,0
DA:1418,0
DA:1419,0
DA:1420,0
DA:1421,0
DA:1422,0
DA:1423,0
DA:1424,0
DA:1425,0
DA:1426,0
DA:1427,0
DA:1428,0
DA:1429,0
DA:1430,0
DA:1431,0
DA:1432,0
DA:1433,0
DA:1434,0
DA:1435,0
DA:1436,0
DA:1437,0
DA:1438,0
DA:1439,0
DA:1440,0
DA:1441,0
DA:1442,0
DA:1443,0
DA:1444,0
DA:1445,0
DA:1446,0
DA:1447,0
DA:1448,0
DA:1449,0
DA:1450,0
DA:1451,0
DA:1452,0
DA:1453,0
DA:1454,0
DA:1455,0
DA:1456,0
DA:1457,0
DA:1458,0
DA:1459,0
DA:1460,0
DA:1461,0
DA:1462,0
DA:1463,0
DA:1464,0
DA:1465,0
DA:1466,0
DA:1467,0
DA:1468,0
DA:1469,0
DA:1470,0
DA:1471,0
DA:1472,0
DA:1473,0
DA:1474,0
DA:1475,0
DA:1476,0
DA:1477,0
DA:1478,0
DA:1479,0
DA:1480,0
DA:1481,0
DA:1482,0
DA:1483,0
DA:1484,0
DA:1485,0
DA:1486,0
DA:1487,0
DA:1488,0
DA:1489,0
DA:1490,0
DA:1491,0
DA:1492,0
DA:1493,0
DA:1494,0
DA:1495,0
DA:1496,0
DA:1497,0
DA:1498,0
DA:1499,0
DA:1500,0
DA:1501,0
DA:1502,0
DA:1503,0
DA:1504,0
DA:1505,0
DA:1506,0
DA:1507,0
DA:1508,0
DA:1509,0
DA:1510,0
DA:1511,0
DA:1512,0
DA:1513,0
DA:1514,0
DA:1515,0
DA:1516,0
DA:1517,0
DA:1518,0
DA:1519,0
DA:1520,0
DA:1521,0
DA:1522,0
DA:1523,0
DA:1524,0
DA:1525,0
DA:1526,0
DA:1527,0
DA:1528,0
DA:1529,0
DA:1530,0
DA:1531,0
DA:1532,0
DA:1533,0
DA:1534,0
DA:1535,0
DA:1536,0
DA:1537,0
DA:1538,0
DA:1539,0
DA:1540,0
DA:1541,0
DA:1542,0
DA:1543,0
DA:1544,0
DA:1545,0
DA:1546,0
DA:1547,0
DA:1548,0
DA:1549,0
DA:1550,0
DA:1551,0
DA:1552,0
DA:1553,0
DA:1554,0
DA:1555,0
DA:1556,0
DA:1557,0
DA:1558,0
DA:1559,0
DA:1560,0
DA:1561,0
DA:1562,0
DA:1563,0
DA:1564,0
DA:1565,0
DA:1566,0
DA:1567,0
DA:1568,0
DA:1569,0
DA:1570,0
DA:1571,0
DA:1572,0
DA:1573,0
DA:1574,0
DA:1575,0
DA:1576,0
DA:1577,0
DA:1578,0
DA:1579,0
DA:1580,0
DA:1581,0
DA:1582,0
DA:1583,0
DA:1584,0
DA:1585,0
DA:1586,0
DA:1587,0
DA:1588,0
DA:1589,0
DA:1590,0
DA:1591,0
DA:1592,0
DA:1593,0
DA:1594,0
DA:1595,0
DA:1596,0
DA:1597,0
DA:1598,0
DA:1599,0
DA:1600,0
DA:1601,0
DA:1602,0
DA:1603,0
DA:1604,0
DA:1605,0
DA:1606,0
DA:1607,0
DA:1608,0
DA:1609,0
DA:1610,0
DA:1611,0
DA:1612,0
DA:1613,0
DA:1614,0
DA:1615,0
DA:1616,0
DA:1617,0
DA:1618,0
DA:1619,0
DA:1620,0
DA:1621,0
DA:1622,0
DA:1623,0
DA:1624,0
DA:1625,0
DA:1626,0
DA:1627,0
DA:1628,0
DA:1629,0
DA:1630,0
DA:1631,0
DA:1632,0
DA:1633,0
DA:1634,0
DA:1635,0
DA:1636,0
DA:1637,0
DA:1638,0
DA:1639,0
DA:1640,0
DA:1641,0
DA:1642,0
DA:1643,0
DA:1644,0
DA:1645,0
DA:1646,0
DA:1647,0
DA:1648,0
DA:1649,0
DA:1650,0
DA:1651,0
DA:1652,0
DA:1653,0
DA:1654,0
DA:1655,0
DA:1656,0
DA:1657,0
DA:1658,0
DA:1659,0
DA:1660,0
DA:1661,0
DA:1662,0
DA:1663,0
DA:1664,0
DA:1665,0
DA:1666,0
DA:1667,0
DA:1668,0
DA:1669,0
DA:1670,0
DA:1671,0
DA:1672,0
DA:1673,0
DA:1674,0
DA:1675,0
DA:1676,0
DA:1677,0
DA:1678,0
DA:1679,0
DA:1680,0
DA:1681,0
DA:1682,0
DA:1683,0
DA:1684,0
DA:1685,0
DA:1686,0
DA:1687,0
DA:1688,0
DA:1689,0
DA:1690,0
DA:1691,0
DA:1692,0
DA:1693,0
DA:1694,0
DA:1695,0
DA:1696,0
DA:1697,0
DA:1698,0
DA:1699,0
DA:1700,0
DA:1701,0
DA:1702,0
DA:1703,0
DA:1704,0
DA:1705,0
DA:1706,0
DA:1707,0
DA:1708,0
DA:1709,0
DA:1710,0
DA:1711,0
DA:1712,0
DA:1713,0
DA:1714,0
DA:1715,0
DA:1716,0
DA:1717,0
DA:1718,0
DA:1719,0
DA:1720,0
DA:1721,0
DA:1722,0
DA:1723,0
DA:1724,0
DA:1725,0
DA:1726,0
DA:1727,0
DA:1728,0
DA:1729,0
DA:1730,0
DA:1731,0
DA:1732,0
DA:1733,0
DA:1734,0
DA:1735,0
DA:1736,0
DA:1737,0
DA:1738,0
DA:1739,0
DA:1740,0
DA:1741,0
DA:1742,0
DA:1743,0
DA:1744,0
DA:1745,0
DA:1746,0
DA:1747,0
DA:1748,0
DA:1749,0
DA:1750,0
DA:1751,0
DA:1752,0
DA:1753,0
DA:1754,0
DA:1755,0
DA:1756,0
DA:1757,0
DA:1758,0
DA:1759,0
DA:1760,0
DA:1761,0
DA:1762,0
DA:1763,0
DA:1764,0
DA:1765,0
DA:1766,0
DA:1767,0
DA:1768,0
DA:1769,0
DA:1770,0
DA:1771,0
DA:1772,0
DA:1773,0
DA:1774,0
DA:1775,0
DA:1776,0
DA:1777,0
DA:1778,0
DA:1779,0
DA:1780,0
DA:1781,0
DA:1782,0
DA:1783,0
DA:1784,0
DA:1785,0
DA:1786,0
DA:1787,0
DA:1788,0
DA:1789,0
DA:1790,0
DA:1791,0
DA:1792,0
DA:1793,0
DA:1794,0
DA:1795,0
DA:1796,0
DA:1797,0
DA:1798,0
DA:1799,0
DA:1800,0
DA:1801,0
DA:1802,0
DA:1803,0
DA:1804,0
DA:1805,0
DA:1806,0
DA:1807,0
DA:1808,0
DA:1809,0
DA:1810,0
DA:1811,0
DA:1812,0
DA:1813,0
DA:1814,0
DA:1815,0
DA:1816,0
DA:1817,0
DA:1818,0
DA:1819,0
DA:1820,0
DA:1821,0
DA:1822,0
DA:1823,0
DA:1824,0
DA:1825,0
DA:1826,0
DA:1827,0
DA:1828,0
DA:1829,0
DA:1830,0
DA:1831,0
DA:1832,0
DA:1833,0
DA:1834,0
DA:1835,0
DA:1836,0
DA:1837,0
DA:1838,0
DA:1839,0
DA:1840,0
DA:1841,0
DA:1842,0
DA:1843,0
DA:1844,0
DA:1845,0
DA:1846,0
DA:1847,0
DA:1848,0
DA:1849,0
DA:1850,0
DA:1851,0
DA:1852,0
DA:1853,0
DA:1854,0
DA:1855,0
DA:1856,0
DA:1857,0
DA:1858,0
DA:1859,0
DA:1860,0
DA:1861,0
DA:1862,0
DA:1863,0
DA:1864,0
DA:1865,0
DA:1866,0
DA:1867,0
DA:1868,0
DA:1869,0
DA:1870,0
DA:1871,0
DA:1872,0
DA:1873,0
DA:1874,0
DA:1875,0
DA:1876,0
DA:1877,0
DA:1878,0
DA:1879,0
DA:1880,0
DA:1881,0
DA:1882,0
DA:1883,0
DA:1884,0
DA:1885,0
DA:1886,0
DA:1887,0
DA:1888,0
DA:1889,0
DA:1890,0
DA:1891,0
DA:1892,0
DA:1893,0
DA:1894,0
DA:1895,0
DA:1896,0
DA:1897,0
DA:1898,0
DA:1899,0
DA:1900,0
DA:1901,0
DA:1902,0
DA:1903,0
DA:1904,0
DA:1905,0
DA:1906,0
DA:1907,0
DA:1908,0
DA:1909,0
DA:1910,0
DA:1911,0
DA:1912,0
DA:1913,0
DA:1914,0
DA:1915,0
DA:1916,0
DA:1917,0
DA:1918,0
DA:1919,0
DA:1920,0
DA:1921,0
DA:1922,0
DA:1923,0
DA:1924,0
DA:1925,0
DA:1926,0
DA:1927,0
DA:1928,0
DA:1929,0
DA:1930,0
DA:1931,0
DA:1932,0
DA:1933,0
DA:1934,0
DA:1935,0
DA:1936,0
DA:1937,0
DA:1938,0
DA:1939,0
DA:1940,0
DA:1941,0
DA:1942,0
DA:1943,0
DA:1944,0
DA:1945,0
DA:1946,0
DA:1947,0
DA:1948,0
DA:1949,0
DA:1950,0
DA:1951,0
DA:1952,0
DA:1953,0
DA:1954,0
DA:1955,0
DA:1956,0
DA:1957,0
DA:1958,0
DA:1959,0
DA:1960,0
DA:1961,0
DA:1962,0
DA:1963,0
DA:1964,0
DA:1965,0
DA:1966,0
DA:1967,0
DA:1968,0
DA:1969,0
DA:1970,0
DA:1971,0
DA:1972,0
DA:1973,0
DA:1974,0
DA:1975,0
DA:1976,0
DA:1977,0
DA:1978,0
DA:1979,0
DA:1980,0
DA:1981,0
DA:1982,0
DA:1983,0
DA:1984,0
DA:1985,0
DA:1986,0
DA:1987,0
DA:1988,0
DA:1989,0
DA:1990,0
DA:1991,0
DA:1992,0
DA:1993,0
DA:1994,0
DA:1995,0
DA:1996,0
DA:1997,0
DA:1998,0
DA:1999,0
DA:2000,0
DA:2001,0
DA:2002,0
DA:2003,0
DA:2004,0
DA:2005,0
DA:2006,0
DA:2007,0
DA:2008,0
DA:2009,0
DA:2010,0
DA:2011,0
DA:2012,0
DA:2013,0
DA:2014,0
DA:2015,0
DA:2016,0
DA:2017,0
DA:2018,0
DA:2019,0
DA:2020,0
DA:2021,0
DA:2022,0
DA:2023,0
DA:2024,0
DA:2025,0
DA:2026,0
DA:2027,0
DA:2028,0
DA:2029,0
DA:2030,0
DA:2031,0
DA:2032,0
DA:2033,0
DA:2034,0
DA:2035,0
DA:2036,0
DA:2037,0
DA:2038,0
DA:2039,0
DA:2040,0
DA:2041,0
DA:2042,0
DA:2043,0
DA:2044,0
DA:2045,0
DA:2046,0
DA:2047,0
DA:2048,0
DA:2049,0
DA:2050,0
DA:2051,0
DA:2052,0
DA:2053,0
DA:2054,0
DA:2055,0
DA:2056,0
DA:2057,0
DA:2058,0
DA:2059,0
DA:2060,0
DA:2061,0
DA:2062,0
DA:2063,0
DA:2064,0
DA:2065,0
DA:2066,0
DA:2067,0
DA:2068,0
DA:2069,0
DA:2070,0
DA:2071,0
DA:2072,0
DA:2073,0
DA:2074,0
DA:2075,0
DA:2076,0
DA:2077,0
DA:2078,0
DA:2079,0
DA:2080,0
DA:2081,0
DA:2082,0
DA:2083,0
DA:2084,0
DA:2085,0
DA:2086,0
DA:2087,0
DA:2088,0
DA:2089,0
DA:2090,0
DA:2091,0
DA:2092,0
DA:2093,0
DA:2094,0
DA:2095,0
DA:2096,0
DA:2097,0
DA:2098,0
DA:2099,0
DA:2100,0
DA:2101,0
DA:2102,0
DA:2103,0
DA:2104,0
DA:2105,0
DA:2106,0
DA:2107,0
DA:2108,0
DA:2109,0
DA:2110,0
DA:2111,0
DA:2112,0
DA:2113,0
DA:2114,0
DA:2115,0
DA:2116,0
DA:2117,0
DA:2118,0
DA:2119,0
DA:2120,0
DA:2121,0
DA:2122,0
DA:2123,0
DA:2124,0
LF:2124
LH:0
BRDA:1,0,0,0
BRF:1
BRH:0
end_of_record
TN:
SF:src/App.vue
FN:1,(empty-report)
FNF:1
FNH:0
FNDA:0,(empty-report)
DA:1,0
DA:2,0
DA:3,0
DA:4,0
DA:5,0
DA:6,0
DA:7,0
DA:9,0
DA:10,0
DA:11,0
DA:12,0
DA:14,0
DA:15,0
DA:16,0
DA:17,0
DA:18,0
DA:19,0
DA:20,0
DA:21,0
DA:22,0
DA:23,0
DA:24,0
DA:25,0
DA:26,0
DA:30,0
DA:31,0
DA:34,0
DA:35,0
DA:36,0
DA:38,0
DA:39,0
DA:40,0
DA:41,0
DA:42,0
DA:43,0
DA:44,0
DA:45,0
DA:46,0
DA:48,0
DA:49,0
DA:51,0
DA:52,0
DA:53,0
DA:54,0
DA:55,0
DA:56,0
DA:57,0
DA:58,0
DA:59,0
DA:60,0
DA:61,0
DA:63,0
DA:64,0
DA:67,0
DA:68,0
DA:70,0
DA:71,0
DA:72,0
DA:73,0
DA:76,0
DA:77,0
DA:78,0
DA:79,0
LF:63
LH:0
BRDA:1,0,0,0
BRF:1
BRH:0
end_of_record
TN:
SF:src/firebaseConfig.ts
FN:1,(empty-report)
FNF:1
FNH:0
FNDA:0,(empty-report)
DA:1,0
DA:2,0
DA:14,0
DA:15,0
DA:16,0
DA:17,0
DA:18,0
DA:19,0
DA:20,0
DA:21,0
DA:23,0
DA:24,0
LF:12
LH:0
BRDA:1,0,0,0
BRF:1
BRH:0
end_of_record
TN:
SF:src/main.ts
FN:1,(empty-report)
FNF:1
FNH:0
FNDA:0,(empty-report)
DA:1,0
DA:2,0
DA:3,0
DA:4,0
DA:5,0
DA:6,0
DA:8,0
DA:9,0
DA:10,0
DA:14,0
DA:15,0
DA:18,0
DA:20,0
DA:21,0
DA:22,0
DA:24,0
DA:25,0
DA:26,0
DA:27,0
DA:28,0
DA:29,0
DA:30,0
DA:31,0
DA:32,0
DA:33,0
DA:36,0
DA:37,0
DA:38,0
DA:41,0
DA:42,0
DA:45,0
DA:47,0
DA:48,0
DA:51,0
DA:52,0
DA:53,0
DA:55,0
DA:56,0
DA:57,0
DA:58,0
DA:59,0
DA:62,0
DA:65,0
LF:43
LH:0
BRDA:1,0,0,0
BRF:1
BRH:0
end_of_record
TN:
SF:src/router.ts
FN:1,(empty-report)
FNF:1
FNH:0
FNDA:0,(empty-report)
DA:1,0
DA:2,0
DA:5,0
DA:6,0
DA:7,0
DA:8,0
DA:10,0
DA:11,0
DA:12,0
DA:13,0
DA:14,0
DA:15,0
DA:16,0
DA:17,0
DA:18,0
DA:19,0
DA:20,0
DA:21,0
DA:22,0
DA:23,0
DA:24,0
DA:25,0
DA:26,0
DA:27,0
DA:29,0
DA:30,0
DA:31,0
DA:32,0
DA:33,0
DA:34,0
DA:35,0
DA:36,0
DA:37,0
DA:38,0
DA:39,0
DA:40,0
DA:41,0
DA:42,0
DA:43,0
DA:44,0
DA:46,0
DA:47,0
DA:48,0
DA:49,0
DA:50,0
DA:51,0
DA:52,0
DA:53,0
DA:54,0
DA:55,0
DA:56,0
DA:57,0
DA:58,0
DA:59,0
DA:60,0
DA:61,0
DA:62,0
DA:63,0
DA:64,0
DA:65,0
DA:66,0
DA:67,0
DA:68,0
DA:69,0
DA:70,0
DA:71,0
DA:72,0
DA:73,0
DA:74,0
DA:75,0
DA:76,0
DA:77,0
DA:78,0
DA:79,0
DA:80,0
DA:81,0
DA:82,0
DA:83,0
DA:84,0
DA:85,0
DA:86,0
DA:87,0
DA:88,0
DA:89,0
DA:91,0
DA:92,0
DA:93,0
DA:94,0
DA:96,0
DA:97,0
DA:98,0
DA:101,0
DA:104,0
DA:106,0
DA:107,0
DA:110,0
DA:111,0
DA:113,0
DA:114,0
DA:115,0
DA:117,0
DA:118,0
DA:119,0
DA:120,0
DA:121,0
DA:123,0
LF:106
LH:0
BRDA:1,0,0,0
BRF:1
BRH:0
end_of_record
TN:
SF:src/components/AdminCourseProblemSetsModal.vue
FN:1,(empty-report)
FNF:1
FNH:0
FNDA:0,(empty-report)
DA:1,0
DA:2,0
DA:3,0
DA:4,0
DA:5,0
DA:7,0
DA:8,0
DA:9,0
DA:10,0
DA:11,0
DA:12,0
DA:13,0
DA:15,0
DA:16,0
DA:18,0
DA:19,0
DA:20,0
DA:21,0
DA:23,0
DA:24,0
DA:25,0
DA:27,0
DA:28,0
DA:29,0
DA:31,0
DA:32,0
DA:33,0
DA:35,0
DA:36,0
DA:38,0
DA:40,0
DA:42,0
DA:43,0
DA:44,0
DA:45,0
DA:46,0
DA:47,0
DA:48,0
DA:49,0
DA:50,0
DA:51,0
DA:52,0
DA:53,0
DA:54,0
DA:56,0
DA:57,0
DA:58,0
DA:59,0
DA:60,0
DA:61,0
DA:62,0
DA:63,0
DA:65,0
DA:66,0
DA:67,0
DA:68,0
DA:69,0
DA:70,0
DA:71,0
DA:72,0
DA:74,0
DA:75,0
DA:76,0
DA:77,0
DA:78,0
DA:79,0
DA:80,0
DA:81,0
DA:82,0
DA:83,0
DA:84,0
DA:85,0
DA:86,0
DA:87,0
DA:88,0
DA:89,0
DA:90,0
DA:91,0
DA:92,0
DA:93,0
DA:95,0
DA:96,0
DA:97,0
DA:98,0
DA:99,0
DA:100,0
DA:102,0
DA:104,0
DA:105,0
DA:106,0
DA:108,0
DA:109,0
DA:110,0
DA:112,0
DA:113,0
DA:114,0
DA:116,0
DA:117,0
DA:118,0
DA:120,0
DA:121,0
DA:123,0
DA:125,0
DA:127,0
DA:128,0
DA:129,0
DA:130,0
DA:132,0
DA:133,0
DA:134,0
DA:135,0
DA:136,0
DA:137,0
DA:138,0
DA:139,0
DA:140,0
DA:141,0
DA:142,0
DA:143,0
DA:145,0
DA:146,0
DA:147,0
DA:148,0
DA:149,0
DA:151,0
DA:152,0
DA:153,0
DA:154,0
DA:155,0
DA:157,0
DA:158,0
DA:159,0
DA:160,0
DA:164,0
DA:165,0
DA:166,0
DA:167,0
DA:204,0
DA:205,0
DA:206,0
DA:207,0
DA:208,0
DA:209,0
DA:210,0
DA:211,0
DA:212,0
DA:213,0
DA:214,0
DA:215,0
DA:216,0
DA:217,0
DA:218,0
DA:221,0
DA:222,0
DA:223,0
DA:224,0
DA:225,0
DA:226,0
DA:227,0
DA:230,0
DA:231,0
DA:232,0
DA:233,0
DA:234,0
DA:235,0
DA:236,0
DA:237,0
DA:238,0
DA:239,0
DA:240,0
DA:241,0
DA:243,0
DA:244,0
DA:245,0
DA:246,0
DA:247,0
DA:248,0
DA:249,0
DA:250,0
DA:251,0
DA:252,0
DA:253,0
DA:254,0
DA:255,0
DA:256,0
DA:258,0
DA:259,0
DA:260,0
DA:261,0
DA:262,0
DA:263,0
DA:264,0
DA:267,0
DA:270,0
DA:271,0
DA:272,0
DA:273,0
DA:275,0
DA:276,0
DA:277,0
DA:278,0
DA:279,0
DA:280,0
DA:281,0
DA:282,0
DA:283,0
DA:285,0
DA:286,0
DA:287,0
DA:288,0
DA:290,0
DA:291,0
DA:294,0
DA:295,0
DA:296,0
DA:297,0
DA:300,0
DA:301,0
DA:302,0
DA:303,0
DA:304,0
DA:305,0
DA:308,0
DA:310,0
DA:311,0
DA:312,0
DA:313,0
DA:314,0
DA:315,0
DA:317,0
DA:318,0
DA:319,0
DA:320,0
DA:321,0
DA:322,0
DA:323,0
DA:325,0
DA:326,0
DA:327,0
DA:328,0
DA:330,0
DA:331,0
DA:333,0
DA:334,0
DA:337,0
DA:338,0
DA:339,0
DA:342,0
DA:345,0
DA:346,0
DA:347,0
DA:349,0
DA:350,0
DA:352,0
DA:353,0
DA:356,0
DA:357,0
DA:358,0
DA:361,0
DA:364,0
DA:365,0
DA:366,0
DA:368,0
DA:369,0
DA:370,0
DA:371,0
DA:372,0
DA:373,0
DA:374,0
DA:376,0
DA:377,0
DA:378,0
DA:381,0
DA:382,0
DA:383,0
DA:384,0
DA:385,0
DA:386,0
DA:388,0
DA:389,0
DA:390,0
DA:391,0
DA:392,0
DA:393,0
DA:394,0
DA:395,0
DA:396,0
DA:397,0
DA:398,0
DA:399,0
DA:400,0
DA:401,0
LF:292
LH:0
BRDA:1,0,0,0
BRF:1
BRH:0
end_of_record
TN:
SF:src/components/AdminCourseStudentsModal.vue
FN:1,(empty-report)
FNF:1
FNH:0
FNDA:0,(empty-report)
DA:1,0
DA:2,0
DA:3,0
DA:4,0
DA:5,0
DA:7,0
DA:8,0
DA:9,0
DA:10,0
DA:11,0
DA:12,0
DA:13,0
DA:15,0
DA:16,0
DA:18,0
DA:19,0
DA:20,0
DA:21,0
DA:22,0
DA:23,0
DA:25,0
DA:26,0
DA:27,0
DA:29,0
DA:30,0
DA:31,0
DA:33,0
DA:34,0
DA:35,0
DA:37,0
DA:38,0
DA:40,0
DA:42,0
DA:44,0
DA:45,0
DA:46,0
DA:47,0
DA:48,0
DA:49,0
DA:50,0
DA:51,0
DA:52,0
DA:53,0
DA:54,0
DA:55,0
DA:56,0
DA:58,0
DA:59,0
DA:60,0
DA:61,0
DA:62,0
DA:63,0
DA:64,0
DA:65,0
DA:66,0
DA:67,0
DA:68,0
DA:69,0
DA:70,0
DA:71,0
DA:72,0
DA:73,0
DA:74,0
DA:75,0
DA:76,0
DA:77,0
DA:78,0
DA:79,0
DA:80,0
DA:81,0
DA:82,0
DA:83,0
DA:85,0
DA:86,0
DA:87,0
DA:88,0
DA:89,0
DA:90,0
DA:92,0
DA:93,0
DA:94,0
DA:95,0
DA:96,0
DA:98,0
DA:99,0
DA:100,0
DA:101,0
DA:105,0
DA:106,0
DA:107,0
DA:108,0
DA:135,0
DA:136,0
DA:137,0
DA:138,0
DA:139,0
DA:140,0
DA:141,0
DA:142,0
DA:143,0
DA:144,0
DA:145,0
DA:146,0
DA:147,0
DA:148,0
DA:149,0
DA:152,0
DA:153,0
DA:156,0
DA:157,0
DA:158,0
DA:159,0
DA:160,0
DA:161,0
DA:162,0
DA:163,0
DA:164,0
DA:165,0
DA:166,0
DA:167,0
DA:169,0
DA:170,0
DA:171,0
DA:172,0
DA:173,0
DA:175,0
DA:176,0
DA:179,0
DA:180,0
DA:181,0
DA:182,0
DA:184,0
DA:185,0
DA:186,0
DA:187,0
DA:188,0
DA:189,0
DA:190,0
DA:191,0
DA:193,0
DA:194,0
DA:195,0
DA:196,0
DA:197,0
DA:198,0
DA:200,0
DA:201,0
DA:202,0
DA:203,0
DA:204,0
DA:205,0
DA:206,0
DA:207,0
DA:210,0
DA:211,0
DA:212,0
DA:213,0
DA:214,0
DA:215,0
DA:216,0
DA:218,0
DA:219,0
DA:220,0
DA:221,0
DA:222,0
DA:223,0
DA:224,0
DA:225,0
DA:226,0
DA:227,0
LF:170
LH:0
BRDA:1,0,0,0
BRF:1
BRH:0
end_of_record
TN:
SF:src/components/AdminCourses.vue
FN:1,(empty-report)
FNF:1
FNH:0
FNDA:0,(empty-report)
DA:1,0
DA:2,0
DA:3,0
DA:5,0
DA:6,0
DA:7,0
DA:8,0
DA:9,0
DA:10,0
DA:12,0
DA:14,0
DA:15,0
DA:17,0
DA:18,0
DA:19,0
DA:20,0
DA:22,0
DA:23,0
DA:24,0
DA:26,0
DA:27,0
DA:28,0
DA:29,0
DA:31,0
DA:32,0
DA:33,0
DA:34,0
DA:35,0
DA:36,0
DA:37,0
DA:38,0
DA:39,0
DA:40,0
DA:41,0
DA:42,0
DA:43,0
DA:44,0
DA:45,0
DA:46,0
DA:48,0
DA:49,0
DA:50,0
DA:51,0
DA:52,0
DA:53,0
DA:54,0
DA:55,0
DA:56,0
DA:57,0
DA:58,0
DA:59,0
DA:60,0
DA:61,0
DA:62,0
DA:63,0
DA:64,0
DA:65,0
DA:66,0
DA:67,0
DA:68,0
DA:69,0
DA:71,0
DA:72,0
DA:73,0
DA:74,0
DA:75,0
DA:76,0
DA:78,0
DA:79,0
DA:80,0
DA:81,0
DA:82,0
DA:83,0
DA:85,0
DA:86,0
DA:87,0
DA:88,0
DA:89,0
DA:90,0
DA:92,0
DA:93,0
DA:94,0
DA:95,0
DA:96,0
DA:97,0
DA:99,0
DA:100,0
DA:102,0
DA:104,0
DA:106,0
DA:107,0
DA:108,0
DA:109,0
DA:110,0
DA:111,0
DA:112,0
DA:114,0
DA:115,0
DA:116,0
DA:118,0
DA:119,0
DA:120,0
DA:121,0
DA:122,0
DA:124,0
DA:125,0
DA:126,0
DA:127,0
DA:128,0
DA:129,0
DA:130,0
DA:132,0
DA:133,0
DA:135,0
DA:136,0
DA:137,0
DA:139,0
DA:140,0
DA:141,0
DA:142,0
DA:143,0
DA:144,0
DA:145,0
DA:146,0
DA:147,0
DA:148,0
DA:149,0
DA:150,0
DA:152,0
DA:153,0
DA:154,0
DA:155,0
DA:156,0
DA:157,0
DA:158,0
DA:159,0
DA:160,0
DA:161,0
DA:163,0
DA:164,0
DA:165,0
DA:166,0
DA:167,0
DA:168,0
DA:169,0
DA:170,0
DA:171,0
DA:173,0
DA:174,0
DA:175,0
DA:176,0
DA:177,0
DA:178,0
DA:180,0
DA:181,0
DA:182,0
DA:183,0
DA:184,0
DA:185,0
DA:187,0
DA:188,0
DA:190,0
DA:191,0
DA:192,0
DA:193,0
DA:194,0
DA:195,0
DA:197,0
DA:198,0
DA:199,0
DA:200,0
DA:201,0
DA:203,0
DA:204,0
DA:205,0
DA:206,0
DA:207,0
DA:208,0
DA:210,0
DA:211,0
DA:212,0
DA:213,0
DA:214,0
DA:215,0
DA:216,0
DA:217,0
DA:219,0
DA:220,0
DA:221,0
DA:222,0
DA:223,0
DA:224,0
DA:225,0
DA:226,0
DA:227,0
DA:231,0
DA:232,0
DA:233,0
DA:234,0
DA:235,0
DA:236,0
DA:237,0
DA:248,0
DA:249,0
DA:250,0
DA:251,0
DA:252,0
DA:253,0
DA:254,0
DA:255,0
DA:256,0
DA:259,0
DA:260,0
DA:261,0
DA:262,0
DA:263,0
DA:264,0
DA:265,0
DA:266,0
DA:268,0
DA:269,0
DA:270,0
DA:271,0
DA:272,0
DA:273,0
DA:274,0
DA:277,0
DA:278,0
DA:279,0
DA:280,0
DA:281,0
DA:282,0
DA:283,0
DA:284,0
DA:285,0
DA:286,0
DA:287,0
DA:288,0
DA:289,0
DA:291,0
DA:292,0
DA:293,0
DA:294,0
DA:296,0
DA:297,0
DA:298,0
DA:300,0
DA:301,0
DA:302,0
DA:304,0
DA:305,0
DA:306,0
DA:307,0
DA:308,0
DA:309,0
DA:310,0
DA:311,0
DA:312,0
DA:314,0
DA:315,0
DA:316,0
DA:317,0
DA:318,0
DA:319,0
DA:320,0
DA:321,0
DA:322,0
DA:323,0
DA:324,0
DA:326,0
DA:327,0
DA:328,0
DA:329,0
DA:331,0
DA:332,0
DA:333,0
DA:334,0
DA:335,0
DA:336,0
DA:337,0
DA:338,0
DA:339,0
DA:340,0
DA:342,0
DA:343,0
DA:344,0
DA:345,0
DA:347,0
DA:348,0
DA:349,0
DA:350,0
DA:352,0
DA:353,0
DA:354,0
DA:355,0
DA:356,0
DA:357,0
DA:358,0
DA:359,0
DA:360,0
DA:361,0
DA:362,0
DA:363,0
DA:364,0
DA:365,0
DA:368,0
DA:369,0
DA:370,0
DA:372,0
DA:373,0
DA:374,0
DA:375,0
DA:376,0
DA:377,0
DA:378,0
DA:379,0
DA:380,0
DA:381,0
DA:382,0
DA:383,0
DA:384,0
DA:385,0
DA:386,0
DA:387,0
DA:388,0
DA:389,0
DA:390,0
DA:391,0
LF:328
LH:0
BRDA:1,0,0,0
BRF:1
BRH:0
end_of_record
TN:
SF:src/components/AdminNavBar.vue
FN:1,(empty-report)
FNF:1
FNH:0
FNDA:0,(empty-report)
DA:1,0
DA:2,0
DA:3,0
DA:4,0
DA:5,0
DA:6,0
DA:7,0
DA:8,0
DA:9,0
DA:11,0
DA:12,0
DA:13,0
DA:14,0
DA:15,0
DA:16,0
DA:17,0
DA:19,0
DA:20,0
DA:21,0
DA:22,0
DA:23,0
DA:24,0
DA:25,0
DA:27,0
DA:28,0
DA:29,0
DA:30,0
DA:31,0
DA:32,0
DA:33,0
DA:35,0
DA:36,0
DA:37,0
DA:38,0
DA:39,0
DA:40,0
DA:41,0
DA:43,0
DA:44,0
DA:45,0
DA:46,0
DA:47,0
DA:51,0
DA:53,0
DA:54,0
DA:55,0
LF:46
LH:0
BRDA:1,0,0,0
BRF:1
BRH:0
end_of_record
TN:
SF:src/components/AdminProblemEditor.vue
FN:1182,data
FN:1327,currentProblemSlug
FN:1330,isEditing
FN:1333,canSave
FN:1347,canTest
FN:1357,canTestReason
FN:1368,tagsDisplay
FN:1371,popupStyle
FN:1379,renderedDescription
FN:1392,relationalSegments
FN:1412,multiStructuralSegments
FN:1435,$route
FN:1444,handler
FN:1456,form.function_signature
FN:1463,handler
FN:1474,ui.loading
FN:1481,created
FN:1486,mounted
FN:1506,beforeUnmount
FN:1516,executeAction
FN:1578,normalizeProblemData
FN:1609,loadCategories
FN:1615,loadProblem
FN:1681,toggleCategory
FN:1695,handleShellClick
FN:1701,expandBean
FN:1739,collapseBean
FN:1771,toggleColorPicker
FN:1778,calculatePopupPosition
FN:1820,closeColorPicker
FN:1824,selectColor
FN:1829,createCategory
FN:1866,addTestCase
FN:1878,removeTestCase
FN:1882,getTestCaseExpectedDisplay
FN:1886,updateTestCaseExpected
FN:1892,testProblem
FN:2025,saveProblem
FN:2113,saveHints
FN:2126,loadHints
FN:2149,addVariableMapping
FN:2164,formatPreviewValue
FN:2188,removeVariableMapping
FN:2195,validateVariableName
FN:2207,addSubgoal
FN:2220,validateFunctionCall
FN:2295,previewInPyTutor
FN:2310,closePyTutor
FN:2319,removeSubgoal
FN:2324,addRelationalSegment
FN:2331,removeRelationalSegment
FN:2335,addMultiSegment
FN:2342,removeMultiSegment
FN:2346,validateLineRange
FN:2361,parseLineRange
FN:2391,getLineRangeHelp
FN:2398,formatLineRangeFromArray
FN:2434,formatSegmentationConfig
FN:2474,updateTags
FN:2483,increaseFontSize
FN:2493,decreaseFontSize
FN:2503,updateEditorFontSize
FN:2513,isTestPassed
FN:2523,isTestFailed
FN:2533,getStatusClass
FN:2542,getStatusText
FN:2553,parseFunctionSignature
FN:2585,parseParameters
FN:2626,getParameterCount
FN:2633,getParameterDisplayValue
FN:2643,updateParameterValue
FN:2660,getParameterValidationError
FN:2686,getParameterDetectedType
FN:2704,getTypeClass
FN:2724,getParameterTypeClass
FN:2734,getParameterTypeInfo
FN:2746,getParameterPlaceholder
FN:2755,getReturnType
FN:2762,getOutputPlaceholder
FN:2769,getOutputDetectedType
FN:2783,getOutputTypeClass
FN:2792,getOutputValidationError
FN:2814,getOutputTypeInfo
FN:2826,updateReferenceSolution
FN:2834,convertTestCasesForBackend
FN:2883,convertTestCasesFromBackend
FN:2895,getApiSafeString
FN:19,onClick._cache.<computed>._cache.<computed>
FN:36,onUpdate:modelValue._cache.<computed>._cache.<computed>
FN:47,onUpdate:modelValue._cache.<computed>._cache.<computed>
FN:73,onClick
FN:109,onUpdate:modelValue._cache.<computed>._cache.<computed>
FN:124,onClick._cache.<computed>._cache.<computed>
FN:135,onClick._cache.<computed>._cache.<computed>
FN:163,onInput._cache.<computed>._cache.<computed>
FN:178,onClick._cache.<computed>._cache.<computed>
FN:186,onClick._cache.<computed>._cache.<computed>
FN:198,_ctx.descriptionTab.onUpdate:modelValue._cache.<computed>._cache.<computed>
FN:226,onUpdate:modelValue._cache.<computed>._cache.<computed>
FN:239,onUpdate:modelValue._cache.<computed>._cache.<computed>
FN:259,onClick._cache.<computed>._cache.<computed>
FN:269,onClick._cache.<computed>._cache.<computed>
FN:321,onUpdate:value._cache.<computed>._cache.<computed>
FN:353,onClick._cache.<computed>._cache.<computed>
FN:363,onClick._cache.<computed>._cache.<computed>
FN:404,onInput
FN:437,onInput
FN:457,onClick
FN:526,onClick._cache.<computed>._cache.<computed>
FN:534,onClick._cache.<computed>._cache.<computed>
FN:542,onClick._cache.<computed>._cache.<computed>
FN:592,onInput
FN:599,onInput
FN:604,onClick
FN:628,_ctx.hintsTab._ctx.hints.variable_fade.is_enabled.onClick._cache.<computed>._cache.<computed>
FN:751,_ctx.hintsTab._ctx.hints.subgoal_highlight.is_enabled.onClick._cache.<computed>._cache.<computed>
FN:809,_ctx.hintsTab._ctx.hints.suggested_trace.is_enabled.onInput._cache.<computed>._cache.<computed>
FN:834,_ctx.hintsTab._ctx.hints.suggested_trace.is_enabled._ctx.hints.suggested_trace.content.suggested_call._ctx.functionCallError._ctx.form.reference_solution.onClick._cache.<computed>._cache.<computed>
FN:948,_ctx.form.problem_type._ctx.segmentation.enabled.onClick._cache.<computed>._cache.<computed>
FN:1007,_ctx.form.problem_type._ctx.segmentation.enabled.onClick._cache.<computed>._cache.<computed>
FN:1024,_ctx.showColorPicker.onClick._cache.<computed>._cache.<computed>
FN:1041,onClick
FNF:122
FNH:64
FNDA:42,data
FNDA:42,currentProblemSlug
FNDA:42,isEditing
FNDA:158,canSave
FNDA:167,canTest
FNDA:167,canTestReason
FNDA:59,tagsDisplay
FNDA:2,popupStyle
FNDA:1,renderedDescription
FNDA:0,relationalSegments
FNDA:0,multiStructuralSegments
FNDA:0,$route
FNDA:42,handler
FNDA:26,form.function_signature
FNDA:1,handler
FNDA:110,ui.loading
FNDA:42,created
FNDA:42,mounted
FNDA:40,beforeUnmount
FNDA:75,executeAction
FNDA:15,normalizeProblemData
FNDA:56,loadCategories
FNDA:13,loadProblem
FNDA:2,toggleCategory
FNDA:0,handleShellClick
FNDA:0,expandBean
FNDA:1,collapseBean
FNDA:1,toggleColorPicker
FNDA:1,calculatePopupPosition
FNDA:0,closeColorPicker
FNDA:0,selectColor
FNDA:1,createCategory
FNDA:1,addTestCase
FNDA:1,removeTestCase
FNDA:58,getTestCaseExpectedDisplay
FNDA:0,updateTestCaseExpected
FNDA:1,testProblem
FNDA:6,saveProblem
FNDA:2,saveHints
FNDA:13,loadHints
FNDA:2,addVariableMapping
FNDA:0,formatPreviewValue
FNDA:1,removeVariableMapping
FNDA:0,validateVariableName
FNDA:1,addSubgoal
FNDA:2,validateFunctionCall
FNDA:0,previewInPyTutor
FNDA:0,closePyTutor
FNDA:0,removeSubgoal
FNDA:0,addRelationalSegment
FNDA:0,removeRelationalSegment
FNDA:0,addMultiSegment
FNDA:0,removeMultiSegment
FNDA:2,validateLineRange
FNDA:0,parseLineRange
FNDA:0,getLineRangeHelp
FNDA:0,formatLineRangeFromArray
FNDA:4,formatSegmentationConfig
FNDA:0,updateTags
FNDA:0,increaseFontSize
FNDA:0,decreaseFontSize
FNDA:1,updateEditorFontSize
FNDA:63,isTestPassed
FNDA:114,isTestFailed
FNDA:3,getStatusClass
FNDA:3,getStatusText
FNDA:82,parseFunctionSignature
FNDA:52,parseParameters
FNDA:57,getParameterCount
FNDA:86,getParameterDisplayValue
FNDA:1,updateParameterValue
FNDA:259,getParameterValidationError
FNDA:259,getParameterDetectedType
FNDA:146,getTypeClass
FNDA:86,getParameterTypeClass
FNDA:86,getParameterTypeInfo
FNDA:143,getParameterPlaceholder
FNDA:286,getReturnType
FNDA:57,getOutputPlaceholder
FNDA:171,getOutputDetectedType
FNDA:57,getOutputTypeClass
FNDA:172,getOutputValidationError
FNDA:57,getOutputTypeInfo
FNDA:1,updateReferenceSolution
FNDA:5,convertTestCasesForBackend
FNDA:15,convertTestCasesFromBackend
FNDA:22,getApiSafeString
FNDA:0,onClick._cache.<computed>._cache.<computed>
FNDA:0,onUpdate:modelValue._cache.<computed>._cache.<computed>
FNDA:0,onUpdate:modelValue._cache.<computed>._cache.<computed>
FNDA:0,onClick
FNDA:0,onUpdate:modelValue._cache.<computed>._cache.<computed>
FNDA:0,onClick._cache.<computed>._cache.<computed>
FNDA:0,onClick._cache.<computed>._cache.<computed>
FNDA:0,onInput._cache.<computed>._cache.<computed>
FNDA:0,onClick._cache.<computed>._cache.<computed>
FNDA:0,onClick._cache.<computed>._cache.<computed>
FNDA:0,_ctx.descriptionTab.onUpdate:modelValue._cache.<computed>._cache.<computed>
FNDA:0,onUpdate:modelValue._cache.<computed>._cache.<computed>
FNDA:0,onUpdate:modelValue._cache.<computed>._cache.<computed>
FNDA:0,onClick._cache.<computed>._cache.<computed>
FNDA:0,onClick._cache.<computed>._cache.<computed>
FNDA:0,onUpdate:value._cache.<computed>._cache.<computed>
FNDA:0,onClick._cache.<computed>._cache.<computed>
FNDA:0,onClick._cache.<computed>._cache.<computed>
FNDA:0,onInput
FNDA:0,onInput
FNDA:0,onClick
FNDA:0,onClick._cache.<computed>._cache.<computed>
FNDA:0,onClick._cache.<computed>._cache.<computed>
FNDA:0,onClick._cache.<computed>._cache.<computed>
FNDA:0,onInput
FNDA:0,onInput
FNDA:0,onClick
FNDA:0,_ctx.hintsTab._ctx.hints.variable_fade.is_enabled.onClick._cache.<computed>._cache.<computed>
FNDA:0,_ctx.hintsTab._ctx.hints.subgoal_highlight.is_enabled.onClick._cache.<computed>._cache.<computed>
FNDA:0,_ctx.hintsTab._ctx.hints.suggested_trace.is_enabled.onInput._cache.<computed>._cache.<computed>
FNDA:0,_ctx.hintsTab._ctx.hints.suggested_trace.is_enabled._ctx.hints.suggested_trace.content.suggested_call._ctx.functionCallError._ctx.form.reference_solution.onClick._cache.<computed>._cache.<computed>
FNDA:0,_ctx.form.problem_type._ctx.segmentation.enabled.onClick._cache.<computed>._cache.<computed>
FNDA:0,_ctx.form.problem_type._ctx.segmentation.enabled.onClick._cache.<computed>._cache.<computed>
FNDA:0,_ctx.showColorPicker.onClick._cache.<computed>._cache.<computed>
FNDA:0,onClick
DA:1,54
DA:2,0
DA:3,0
DA:4,0
DA:5,0
DA:6,0
DA:7,0
DA:8,0
DA:10,0
DA:11,0
DA:13,0
DA:14,0
DA:15,0
DA:16,0
DA:17,0
DA:18,0
DA:19,0
DA:21,0
DA:22,0
DA:23,0
DA:24,0
DA:26,0
DA:27,0
DA:28,0
DA:30,0
DA:31,0
DA:32,0
DA:33,0
DA:34,0
DA:35,0
DA:36,0
DA:37,0
DA:38,0
DA:39,0
DA:40,0
DA:41,0
DA:42,0
DA:44,0
DA:45,0
DA:46,0
DA:47,0
DA:48,0
DA:50,0
DA:52,0
DA:53,0
DA:55,0
DA:56,0
DA:58,0
DA:59,0
DA:61,0
DA:62,0
DA:63,0
DA:65,0
DA:66,0
DA:67,0
DA:68,0
DA:69,0
DA:70,0
DA:71,0
DA:72,0
DA:73,0
DA:75,0
DA:76,0
DA:77,0
DA:78,0
DA:79,0
DA:80,0
DA:82,0
DA:83,0
DA:84,0
DA:85,0
DA:86,0
DA:90,1
DA:92,1
DA:93,1
DA:94,1
DA:95,1
DA:97,1
DA:98,1
DA:99,1
DA:101,1
DA:102,1
DA:103,1
DA:104,1
DA:106,1
DA:107,1
DA:108,1
DA:109,1
DA:110,0
DA:111,1
DA:112,1
DA:113,1
DA:114,42
DA:115,1
DA:116,1
DA:118,1
DA:119,1
DA:120,1
DA:121,1
DA:122,1
DA:123,1
DA:124,1
DA:125,1
DA:126,1
DA:128,1
DA:129,1
DA:130,1
DA:131,1
DA:132,1
DA:133,1
DA:134,1
DA:135,1
DA:137,1
DA:138,1
DA:139,1
DA:140,1
DA:141,1
DA:143,1
DA:144,1
DA:145,1
DA:146,1
DA:147,1
DA:149,1
DA:150,1
DA:151,1
DA:152,1
DA:153,1
DA:156,1
DA:157,1
DA:158,1
DA:159,1
DA:160,1
DA:161,1
DA:162,1
DA:163,1
DA:164,1
DA:165,1
DA:166,1
DA:168,1
DA:169,1
DA:170,1
DA:171,1
DA:172,1
DA:173,1
DA:174,1
DA:175,1
DA:176,1
DA:177,1
DA:178,1
DA:179,1
DA:181,1
DA:182,1
DA:183,1
DA:184,1
DA:185,1
DA:186,1
DA:187,1
DA:189,1
DA:190,1
DA:192,1
DA:193,1
DA:194,1
DA:195,1
DA:197,1
DA:198,1
DA:199,0
DA:200,1
DA:201,1
DA:202,1
DA:203,1
DA:204,1
DA:206,1
DA:207,1
DA:208,1
DA:209,1
DA:211,1
DA:212,1
DA:213,1
DA:214,1
DA:215,1
DA:216,1
DA:217,1
DA:219,1
DA:220,1
DA:221,1
DA:222,1
DA:223,1
DA:224,1
DA:225,1
DA:226,1
DA:227,0
DA:228,1
DA:229,1
DA:230,1
DA:231,1
DA:232,1
DA:233,1
DA:234,1
DA:236,1
DA:237,1
DA:238,1
DA:239,1
DA:240,0
DA:241,1
DA:242,1
DA:243,1
DA:244,1
DA:246,1
DA:247,1
DA:249,1
DA:250,1
DA:251,1
DA:252,1
DA:253,1
DA:254,1
DA:255,1
DA:256,1
DA:257,1
DA:258,1
DA:259,1
DA:261,1
DA:262,1
DA:263,1
DA:264,1
DA:265,1
DA:266,1
DA:267,1
DA:268,1
DA:269,1
DA:271,1
DA:272,1
DA:273,1
DA:275,1
DA:276,1
DA:277,1
DA:278,1
DA:279,1
DA:281,1
DA:305,1
DA:306,1
DA:307,1
DA:308,1
DA:310,1
DA:311,1
DA:312,1
DA:313,1
DA:314,1
DA:315,1
DA:316,1
DA:317,1
DA:318,1
DA:319,1
DA:320,1
DA:321,1
DA:322,1
DA:323,1
DA:324,1
DA:325,1
DA:327,1
DA:328,1
DA:329,1
DA:330,1
DA:332,1
DA:334,1
DA:335,1
DA:336,1
DA:337,1
DA:339,1
DA:340,1
DA:341,1
DA:343,1
DA:344,1
DA:345,1
DA:347,1
DA:348,1
DA:349,1
DA:350,1
DA:351,1
DA:352,1
DA:353,1
DA:354,1
DA:356,1
DA:357,1
DA:359,1
DA:360,1
DA:361,1
DA:362,1
DA:363,1
DA:365,1
DA:366,1
DA:367,1
DA:369,1
DA:370,1
DA:371,1
DA:372,1
DA:373,1
DA:374,1
DA:375,1
DA:381,1
DA:382,1
DA:383,1
DA:384,1
DA:386,1
DA:388,1
DA:389,1
DA:390,1
DA:391,43
DA:393,43
DA:394,43
DA:395,43
DA:396,43
DA:398,43
DA:399,43
DA:400,43
DA:401,43
DA:402,43
DA:403,43
DA:404,43
DA:405,43
DA:406,43
DA:407,43
DA:408,43
DA:409,43
DA:411,43
DA:412,43
DA:413,43
DA:414,43
DA:415,43
DA:416,43
DA:417,43
DA:418,43
DA:419,43
DA:421,43
DA:422,43
DA:424,1
DA:425,1
DA:427,1
DA:429,1
DA:430,1
DA:431,1
DA:432,1
DA:433,1
DA:434,1
DA:435,1
DA:436,1
DA:437,1
DA:438,1
DA:439,1
DA:440,1
DA:441,1
DA:442,1
DA:444,1
DA:445,1
DA:446,1
DA:447,1
DA:448,1
DA:449,1
DA:450,1
DA:451,1
DA:453,1
DA:454,1
DA:455,1
DA:456,1
DA:457,1
DA:459,1
DA:460,1
DA:461,1
DA:462,1
DA:464,1
DA:465,1
DA:466,1
DA:467,1
DA:468,1
DA:469,1
DA:470,1
DA:471,1
DA:472,1
DA:473,1
DA:474,1
DA:475,1
DA:476,1
DA:477,1
DA:478,1
DA:479,1
DA:480,1
DA:481,1
DA:482,1
DA:483,1
DA:484,1
DA:485,1
DA:486,1
DA:488,1
DA:489,1
DA:490,1
DA:491,1
DA:492,1
DA:493,1
DA:495,1
DA:496,1
DA:497,1
DA:498,0
DA:500,0
DA:501,1
DA:503,1
DA:504,1
DA:505,1
DA:506,1
DA:507,1
DA:508,1
DA:509,1
DA:510,1
DA:511,1
DA:512,1
DA:513,1
DA:514,1
DA:516,1
DA:517,1
DA:518,1
DA:520,1
DA:521,1
DA:522,1
DA:523,1
DA:524,1
DA:525,1
DA:526,1
DA:527,1
DA:529,1
DA:530,1
DA:531,1
DA:532,1
DA:533,1
DA:534,1
DA:535,1
DA:537,1
DA:538,1
DA:539,1
DA:540,1
DA:541,1
DA:542,1
DA:543,1
DA:545,1
DA:546,1
DA:548,1
DA:549,1
DA:550,1
DA:551,1
DA:553,1
DA:554,1
DA:555,1
DA:556,1
DA:557,1
DA:558,1
DA:559,1
DA:560,1
DA:561,1
DA:562,1
DA:563,1
DA:564,1
DA:566,1
DA:567,1
DA:568,1
DA:569,1
DA:570,1
DA:571,1
DA:572,1
DA:573,1
DA:574,1
DA:575,1
DA:577,1
DA:578,1
DA:579,1
DA:581,1
DA:582,1
DA:583,1
DA:584,1
DA:585,1
DA:586,1
DA:588,1
DA:589,1
DA:590,1
DA:591,1
DA:592,1
DA:593,1
DA:594,1
DA:595,1
DA:596,1
DA:597,1
DA:598,1
DA:599,1
DA:600,1
DA:601,1
DA:602,1
DA:603,1
DA:604,1
DA:605,1
DA:607,1
DA:608,1
DA:609,1
DA:610,1
DA:611,1
DA:612,1
DA:613,1
DA:614,1
DA:615,1
DA:616,1
DA:617,1
DA:618,1
DA:619,1
DA:620,1
DA:621,1
DA:622,1
DA:623,1
DA:624,1
DA:625,1
DA:626,1
DA:627,1
DA:628,1
DA:629,1
DA:631,1
DA:632,1
DA:633,1
DA:634,1
DA:636,1
DA:637,1
DA:638,1
DA:639,1
DA:641,1
DA:642,1
DA:643,1
DA:644,1
DA:645,1
DA:646,1
DA:647,1
DA:648,1
DA:649,1
DA:650,1
DA:651,1
DA:652,1
DA:654,1
DA:655,1
DA:656,1
DA:657,1
DA:658,1
DA:659,1
DA:660,1
DA:661,1
DA:662,1
DA:663,1
DA:665,1
DA:666,1
DA:667,1
DA:669,1
DA:670,1
DA:671,1
DA:672,1
DA:673,1
DA:674,1
DA:676,1
DA:677,1
DA:678,1
DA:679,1
DA:680,1
DA:681,1
DA:682,1
DA:683,1
DA:684,1
DA:685,1
DA:686,1
DA:688,1
DA:689,1
DA:690,1
DA:691,1
DA:692,1
DA:693,1
DA:694,1
DA:695,1
DA:696,1
DA:697,1
DA:698,1
DA:699,1
DA:700,1
DA:701,1
DA:702,1
DA:703,1
DA:704,1
DA:705,1
DA:706,1
DA:707,1
DA:708,1
DA:709,1
DA:710,1
DA:711,1
DA:712,1
DA:713,1
DA:714,1
DA:715,1
DA:716,1
DA:717,1
DA:718,1
DA:719,1
DA:720,1
DA:721,1
DA:722,1
DA:723,1
DA:724,1
DA:725,1
DA:726,1
DA:727,1
DA:728,1
DA:729,1
DA:730,1
DA:731,1
DA:732,1
DA:733,1
DA:734,1
DA:735,1
DA:736,1
DA:737,1
DA:738,1
DA:739,1
DA:740,1
DA:741,1
DA:742,1
DA:743,1
DA:744,1
DA:745,1
DA:746,1
DA:747,1
DA:748,1
DA:749,1
DA:750,1
DA:751,1
DA:752,1
DA:754,1
DA:755,1
DA:756,1
DA:757,1
DA:759,1
DA:760,1
DA:761,1
DA:762,1
DA:764,1
DA:765,1
DA:766,1
DA:767,1
DA:768,1
DA:769,1
DA:770,1
DA:771,1
DA:772,1
DA:773,1
DA:774,1
DA:775,1
DA:777,1
DA:778,1
DA:779,1
DA:780,1
DA:781,1
DA:782,1
DA:783,1
DA:784,1
DA:785,1
DA:786,1
DA:788,1
DA:789,1
DA:790,1
DA:792,1
DA:793,1
DA:795,1
DA:796,1
DA:798,1
DA:799,1
DA:800,1
DA:801,1
DA:802,1
DA:803,1
DA:804,1
DA:805,1
DA:806,1
DA:807,1
DA:808,1
DA:809,1
DA:810,1
DA:811,1
DA:812,1
DA:813,1
DA:815,1
DA:816,1
DA:817,1
DA:818,1
DA:819,1
DA:820,1
DA:821,1
DA:823,1
DA:825,1
DA:826,1
DA:827,1
DA:828,1
DA:829,1
DA:830,1
DA:831,1
DA:832,1
DA:833,1
DA:834,1
DA:836,1
DA:837,1
DA:838,1
DA:839,1
DA:840,1
DA:841,1
DA:842,1
DA:843,1
DA:844,1
DA:846,1
DA:847,1
DA:848,1
DA:849,1
DA:851,1
DA:853,1
DA:854,1
DA:855,1
DA:856,1
DA:857,1
DA:858,1
DA:859,1
DA:860,1
DA:861,1
DA:862,1
DA:864,1
DA:865,1
DA:867,1
DA:868,1
DA:869,1
DA:871,1
DA:872,1
DA:873,1
DA:874,1
DA:876,1
DA:878,1
DA:879,1
DA:880,1
DA:881,1
DA:882,1
DA:883,1
DA:884,1
DA:885,1
DA:886,1
DA:887,1
DA:888,1
DA:889,1
DA:890,1
DA:891,1
DA:892,1
DA:893,1
DA:894,1
DA:896,1
DA:897,1
DA:898,1
DA:899,1
DA:901,1
DA:902,1
DA:904,1
DA:905,1
DA:906,1
DA:907,1
DA:908,1
DA:909,1
DA:910,1
DA:911,1
DA:913,1
DA:914,1
DA:915,1
DA:916,1
DA:917,1
DA:918,1
DA:920,1
DA:921,1
DA:922,1
DA:923,1
DA:924,1
DA:925,1
DA:926,1
DA:927,1
DA:928,1
DA:929,1
DA:930,1
DA:932,1
DA:933,1
DA:934,1
DA:935,1
DA:936,1
DA:937,1
DA:938,1
DA:939,1
DA:940,1
DA:941,1
DA:942,1
DA:943,1
DA:944,1
DA:945,1
DA:946,1
DA:947,1
DA:948,1
DA:949,1
DA:951,1
DA:952,1
DA:953,1
DA:955,1
DA:956,1
DA:957,1
DA:958,1
DA:960,1
DA:961,1
DA:963,1
DA:964,1
DA:965,1
DA:966,1
DA:967,1
DA:968,1
DA:969,1
DA:970,1
DA:972,1
DA:973,1
DA:974,1
DA:975,1
DA:976,1
DA:977,1
DA:979,1
DA:980,1
DA:981,1
DA:982,1
DA:983,1
DA:984,1
DA:985,1
DA:986,1
DA:987,1
DA:988,1
DA:989,1
DA:991,1
DA:992,1
DA:993,1
DA:994,1
DA:995,1
DA:996,1
DA:997,1
DA:998,1
DA:999,1
DA:1000,1
DA:1001,1
DA:1002,1
DA:1003,1
DA:1004,1
DA:1005,1
DA:1006,1
DA:1007,1
DA:1008,1
DA:1010,1
DA:1011,1
DA:1012,1
DA:1013,1
DA:1015,1
DA:1016,1
DA:1017,1
DA:1019,1
DA:1020,1
DA:1021,1
DA:1022,1
DA:1023,1
DA:1024,1
DA:1026,1
DA:1027,1
DA:1028,1
DA:1029,1
DA:1030,1
DA:1032,1
DA:1033,1
DA:1034,1
DA:1035,1
DA:1036,1
DA:1037,1
DA:1038,1
DA:1039,1
DA:1040,1
DA:1041,1
DA:1042,1
DA:1043,1
DA:1044,1
DA:1045,1
DA:1046,1
DA:1047,1
DA:1049,1
DA:1050,1
DA:1052,1
DA:1053,1
DA:1054,1
DA:1055,1
DA:1056,1
DA:1057,1
DA:1058,1
DA:1062,1
DA:1063,1
DA:1064,1
DA:1065,1
DA:1066,1
DA:1067,1
DA:1068,1
DA:1069,1
DA:1070,1
DA:1072,1
DA:1156,1
DA:1157,1
DA:1158,1
DA:1159,1
DA:1160,1
DA:1161,1
DA:1162,1
DA:1163,1
DA:1164,1
DA:1165,1
DA:1167,1
DA:1168,1
DA:1169,1
DA:1170,1
DA:1171,1
DA:1172,1
DA:1173,1
DA:1175,1
DA:1176,1
DA:1177,1
DA:1178,1
DA:1179,1
DA:1180,1
DA:1181,1
DA:1182,1
DA:1210,42
DA:1211,42
DA:1213,42
DA:1214,42
DA:1215,42
DA:1216,42
DA:1217,42
DA:1218,42
DA:1219,42
DA:1220,42
DA:1221,42
DA:1222,42
DA:1223,42
DA:1224,42
DA:1227,42
DA:1228,42
DA:1229,42
DA:1230,42
DA:1231,42
DA:1234,42
DA:1237,42
DA:1238,42
DA:1239,42
DA:1242,42
DA:1243,42
DA:1244,42
DA:1245,42
DA:1246,42
DA:1247,42
DA:1248,42
DA:1249,42
DA:1250,42
DA:1253,42
DA:1254,42
DA:1255,42
DA:1256,42
DA:1257,42
DA:1258,42
DA:1261,42
DA:1264,42
DA:1265,42
DA:1268,42
DA:1271,42
DA:1272,42
DA:1273,42
DA:1274,42
DA:1275,42
DA:1276,42
DA:1277,42
DA:1278,42
DA:1279,42
DA:1280,42
DA:1281,42
DA:1282,42
DA:1283,42
DA:1284,42
DA:1285,42
DA:1286,42
DA:1287,42
DA:1288,42
DA:1289,42
DA:1290,42
DA:1291,42
DA:1292,42
DA:1293,42
DA:1294,42
DA:1295,42
DA:1296,42
DA:1297,42
DA:1298,42
DA:1299,42
DA:1300,42
DA:1303,42
DA:1304,42
DA:1307,42
DA:1308,42
DA:1309,42
DA:1310,42
DA:1311,42
DA:1312,42
DA:1313,42
DA:1314,42
DA:1315,42
DA:1316,42
DA:1317,42
DA:1318,42
DA:1319,42
DA:1322,42
DA:1323,42
DA:1324,42
DA:1325,1
DA:1327,1
DA:1328,42
DA:1329,42
DA:1330,1
DA:1331,42
DA:1332,42
DA:1333,1
DA:1334,158
DA:1336,158
DA:1337,158
DA:1338,158
DA:1341,158
DA:1342,158
DA:1343,158
DA:1345,18
DA:1346,158
DA:1347,1
DA:1348,167
DA:1349,167
DA:1351,167
DA:1352,93
DA:1353,18
DA:1354,18
DA:1355,17
DA:1356,167
DA:1357,1
DA:1358,167
DA:1359,167
DA:1361,167
DA:1362,167
DA:1363,167
DA:1364,167
DA:1365,167
DA:1366,17
DA:1367,167
DA:1368,1
DA:1369,59
DA:1370,59
DA:1371,1
DA:1372,2
DA:1373,2
DA:1374,2
DA:1375,2
DA:1376,2
DA:1377,2
DA:1378,2
DA:1379,1
DA:1380,1
DA:1381,1
DA:1382,1
DA:1383,0
DA:1384,0
DA:1385,0
DA:1386,0
DA:1387,0
DA:1388,0
DA:1389,1
DA:1392,1
DA:1394,0
DA:1395,0
DA:1396,0
DA:1397,0
DA:1398,0
DA:1399,0
DA:1400,0
DA:1401,0
DA:1402,0
DA:1403,0
DA:1404,0
DA:1405,0
DA:1406,0
DA:1407,0
DA:1408,0
DA:1409,0
DA:1410,0
DA:1412,1
DA:1414,0
DA:1415,0
DA:1416,0
DA:1417,0
DA:1418,0
DA:1419,0
DA:1420,0
DA:1421,0
DA:1422,0
DA:1423,0
DA:1424,0
DA:1425,0
DA:1426,0
DA:1427,0
DA:1428,0
DA:1429,0
DA:1430,0
DA:1431,1
DA:1434,1
DA:1435,1
DA:1437,0
DA:1438,0
DA:1439,0
DA:1440,0
DA:1442,1
DA:1443,1
DA:1444,1
DA:1445,42
DA:1447,13
DA:1448,13
DA:1449,13
DA:1450,13
DA:1451,12
DA:1452,42
DA:1453,1
DA:1456,1
DA:1457,26
DA:1458,26
DA:1461,1
DA:1462,1
DA:1463,1
DA:1464,1
DA:1465,1
DA:1466,1
DA:1467,1
DA:1468,1
DA:1469,1
DA:1470,1
DA:1471,1
DA:1474,1
DA:1475,110
DA:1476,110
DA:1477,110
DA:1478,110
DA:1479,110
DA:1480,1
DA:1481,1
DA:1483,42
DA:1484,42
DA:1485,42
DA:1486,1
DA:1488,42
DA:1489,0
DA:1490,0
DA:1492,42
DA:1493,42
DA:1494,42
DA:1497,42
DA:1500,42
DA:1501,42
DA:1502,0
DA:1503,0
DA:1504,42
DA:1506,1
DA:1508,40
DA:1511,40
DA:1512,0
DA:1513,0
DA:1514,40
DA:1515,1
DA:1516,1
DA:1517,75
DA:1518,75
DA:1519,75
DA:1520,75
DA:1521,75
DA:1523,75
DA:1524,13
DA:1525,13
DA:1526,13
DA:1528,62
DA:1529,62
DA:1530,62
DA:1532,62
DA:1533,62
DA:1534,62
DA:1535,58
DA:1537,75
DA:1538,1
DA:1539,1
DA:1540,1
DA:1541,58
DA:1542,75
DA:1543,4
DA:1546,4
DA:1547,4
DA:1548,0
DA:1549,4
DA:1550,3
DA:1551,4
DA:1552,1
DA:1553,1
DA:1556,4
DA:1557,0
DA:1558,0
DA:1560,4
DA:1561,4
DA:1562,4
DA:1563,4
DA:1564,75
DA:1565,62
DA:1566,62
DA:1568,62
DA:1569,62
DA:1570,62
DA:1571,62
DA:1572,62
DA:1573,75
DA:1578,1
DA:1580,15
DA:1581,0
DA:1582,15
DA:1583,0
DA:1584,0
DA:1587,15
DA:1588,0
DA:1589,0
DA:1592,15
DA:1593,0
DA:1594,0
DA:1597,15
DA:1598,0
DA:1599,0
DA:1602,15
DA:1603,15
DA:1604,15
DA:1606,14
DA:1607,15
DA:1609,1
DA:1610,56
DA:1611,43
DA:1612,56
DA:1613,56
DA:1615,1
DA:1616,13
DA:1617,0
DA:1618,0
DA:1620,13
DA:1621,13
DA:1622,13
DA:1625,13
DA:1628,13
DA:1631,13
DA:1632,0
DA:1633,0
DA:1634,0
DA:1637,0
DA:1638,0
DA:1639,0
DA:1640,0
DA:1641,0
DA:1643,0
DA:1645,0
DA:1646,0
DA:1647,0
DA:1648,0
DA:1649,0
DA:1650,0
DA:1651,0
DA:1652,0
DA:1653,0
DA:1654,0
DA:1655,0
DA:1656,0
DA:1657,0
DA:1658,0
DA:1659,0
DA:1660,0
DA:1662,0
DA:1664,0
DA:1665,0
DA:1666,0
DA:1667,0
DA:1668,0
DA:1669,0
DA:1670,0
DA:1671,0
DA:1672,0
DA:1673,0
DA:1674,0
DA:1675,0
DA:1676,0
DA:1677,0
DA:1678,13
DA:1679,13
DA:1681,1
DA:1683,2
DA:1684,0
DA:1685,0
DA:1687,2
DA:1688,2
DA:1689,1
DA:1690,1
DA:1691,1
DA:1692,1
DA:1693,2
DA:1695,1
DA:1696,0
DA:1697,0
DA:1698,0
DA:1699,0
DA:1701,1
DA:1702,0
DA:1704,0
DA:1705,0
DA:1708,0
DA:1709,0
DA:1710,0
DA:1712,0
DA:1713,0
DA:1714,0
DA:1715,0
DA:1716,0
DA:1717,0
DA:1720,0
DA:1721,0
DA:1722,0
DA:1723,0
DA:1724,0
DA:1726,0
DA:1727,0
DA:1728,0
DA:1729,0
DA:1730,0
DA:1731,0
DA:1732,0
DA:1733,0
DA:1735,0
DA:1736,0
DA:1737,0
DA:1739,1
DA:1740,1
DA:1742,1
DA:1743,1
DA:1747,1
DA:1748,0
DA:1749,1
DA:1752,1
DA:1753,0
DA:1754,1
DA:1757,1
DA:1758,1
DA:1759,1
DA:1760,1
DA:1761,1
DA:1762,1
DA:1765,1
DA:1766,0
DA:1767,0
DA:1768,0
DA:1769,1
DA:1771,1
DA:1772,1
DA:1773,1
DA:1774,1
DA:1775,1
DA:1776,1
DA:1778,1
DA:1779,1
DA:1780,1
DA:1781,1
DA:1782,1
DA:1783,1
DA:1784,1
DA:1786,1
DA:1789,1
DA:1790,1
DA:1792,1
DA:1794,0
DA:1795,0
DA:1796,1
DA:1798,1
DA:1799,1
DA:1800,1
DA:1803,1
DA:1806,1
DA:1807,1
DA:1808,1
DA:1809,0
DA:1810,0
DA:1812,1
DA:1813,1
DA:1814,1
DA:1815,1
DA:1816,1
DA:1817,1
DA:1818,1
DA:1820,1
DA:1821,0
DA:1822,0
DA:1824,1
DA:1825,0
DA:1826,0
DA:1827,0
DA:1829,1
DA:1830,1
DA:1831,0
DA:1832,0
DA:1833,0
DA:1835,1
DA:1836,1
DA:1838,1
DA:1839,1
DA:1840,1
DA:1841,1
DA:1842,1
DA:1843,1
DA:1844,1
DA:1846,1
DA:1849,1
DA:1852,1
DA:1855,1
DA:1857,1
DA:1858,1
DA:1859,1
DA:1860,0
DA:1861,1
DA:1862,1
DA:1863,1
DA:1864,1
DA:1866,1
DA:1867,1
DA:1868,1
DA:1869,1
DA:1870,1
DA:1871,1
DA:1872,1
DA:1873,1
DA:1875,1
DA:1876,1
DA:1878,1
DA:1879,1
DA:1880,1
DA:1882,1
DA:1883,58
DA:1884,58
DA:1886,1
DA:1888,0
DA:1889,0
DA:1892,1
DA:1893,1
DA:1894,1
DA:1895,1
DA:1896,1
DA:1897,1
DA:1898,1
DA:1899,1
DA:1901,1
DA:1903,0
DA:1904,0
DA:1905,0
DA:1906,0
DA:1907,0
DA:1910,1
DA:1911,1
DA:1912,0
DA:1913,0
DA:1914,0
DA:1915,0
DA:1916,1
DA:1919,1
DA:1920,1
DA:1923,1
DA:1925,1
DA:1926,1
DA:1929,1
DA:1930,1
DA:1932,1
DA:1933,1
DA:1935,1
DA:1936,1
DA:1937,1
DA:1938,1
DA:1939,1
DA:1940,1
DA:1941,1
DA:1943,1
DA:1944,1
DA:1945,1
DA:1946,1
DA:1949,1
DA:1950,0
DA:1951,0
DA:1952,0
DA:1954,1
DA:1955,1
DA:1957,1
DA:1958,1
DA:1959,1
DA:1960,1
DA:1963,1
DA:1964,1
DA:1965,1
DA:1966,1
DA:1967,1
DA:1968,1
DA:1969,1
DA:1970,1
DA:1971,1
DA:1975,1
DA:1976,0
DA:1979,0
DA:1980,0
DA:1981,0
DA:1982,0
DA:1984,0
DA:1986,0
DA:1987,0
DA:1988,0
DA:1989,0
DA:1991,0
DA:1992,0
DA:1993,0
DA:1994,0
DA:1995,0
DA:1996,0
DA:1997,0
DA:1998,0
DA:1999,0
DA:2000,0
DA:2001,0
DA:2002,0
DA:2003,1
DA:2004,0
DA:2005,0
DA:2006,0
DA:2009,1
DA:2011,1
DA:2012,1
DA:2014,1
DA:2016,1
DA:2017,1
DA:2018,1
DA:2019,0
DA:2020,0
DA:2021,1
DA:2022,1
DA:2025,1
DA:2026,6
DA:2027,2
DA:2028,2
DA:2029,2
DA:2031,4
DA:2033,4
DA:2035,4
DA:2036,4
DA:2037,4
DA:2038,4
DA:2039,4
DA:2040,4
DA:2042,4
DA:2044,4
DA:2045,4
DA:2046,4
DA:2047,4
DA:2048,4
DA:2049,4
DA:2050,4
DA:2051,4
DA:2052,4
DA:2053,4
DA:2054,4
DA:2056,4
DA:2057,4
DA:2058,4
DA:2059,4
DA:2062,4
DA:2063,0
DA:2064,0
DA:2065,4
DA:2066,0
DA:2067,0
DA:2068,4
DA:2069,0
DA:2070,0
DA:2071,4
DA:2072,0
DA:2073,0
DA:2076,4
DA:2077,4
DA:2078,0
DA:2079,0
DA:2080,4
DA:2081,0
DA:2082,0
DA:2083,4
DA:2085,4
DA:2087,4
DA:2088,1
DA:2089,4
DA:2090,3
DA:2092,1
DA:2093,1
DA:2096,2
DA:2099,2
DA:2102,4
DA:2103,1
DA:2104,1
DA:2106,4
DA:2107,4
DA:2108,6
DA:2113,1
DA:2114,2
DA:2115,2
DA:2116,2
DA:2117,2
DA:2118,0
DA:2120,0
DA:2121,2
DA:2126,1
DA:2127,13
DA:2129,13
DA:2130,13
DA:2133,13
DA:2134,13
DA:2135,1
DA:2136,1
DA:2137,1
DA:2138,13
DA:2139,13
DA:2140,13
DA:2141,0
DA:2143,0
DA:2144,13
DA:2149,1
DA:2150,2
DA:2152,2
DA:2153,2
DA:2154,2
DA:2155,2
DA:2157,2
DA:2158,2
DA:2164,1
DA:2165,0
DA:2166,0
DA:2168,0
DA:2169,0
DA:2170,0
DA:2171,0
DA:2172,0
DA:2173,0
DA:2174,0
DA:2175,0
DA:2176,0
DA:2177,0
DA:2178,0
DA:2179,0
DA:2180,0
DA:2181,0
DA:2182,0
DA:2183,0
DA:2188,1
DA:2189,1
DA:2190,1
DA:2195,1
DA:2196,0
DA:2197,0
DA:2199,0
DA:2200,0
DA:2201,0
DA:2202,0
DA:2207,1
DA:2208,1
DA:2210,1
DA:2211,1
DA:2212,1
DA:2213,1
DA:2214,1
DA:2215,1
DA:2217,1
DA:2218,1
DA:2220,1
DA:2221,2
DA:2223,2
DA:2224,1
DA:2225,1
DA:2226,1
DA:2229,1
DA:2230,2
DA:2231,0
DA:2232,0
DA:2233,0
DA:2236,1
DA:2237,1
DA:2238,1
DA:2239,1
DA:2241,2
DA:2242,16
DA:2244,16
DA:2245,0
DA:2246,0
DA:2247,0
DA:2249,16
DA:2250,0
DA:2251,0
DA:2252,0
DA:2254,16
DA:2255,0
DA:2256,0
DA:2257,16
DA:2258,0
DA:2259,0
DA:2260,0
DA:2262,16
DA:2263,16
DA:2264,16
DA:2265,16
DA:2266,0
DA:2267,0
DA:2268,0
DA:2269,16
DA:2270,16
DA:2272,2
DA:2273,0
DA:2274,0
DA:2275,0
DA:2277,2
DA:2278,0
DA:2279,0
DA:2280,0
DA:2283,1
DA:2284,1
DA:2285,1
DA:2286,1
DA:2287,1
DA:2288,1
DA:2289,1
DA:2291,0
DA:2292,2
DA:2295,1
DA:2296,0
DA:2297,0
DA:2298,0
DA:2299,0
DA:2302,0
DA:2303,0
DA:2306,0
DA:2307,0
DA:2308,0
DA:2310,1
DA:2311,0
DA:2312,0
DA:2313,0
DA:2319,1
DA:2320,0
DA:2321,0
DA:2324,1
DA:2325,0
DA:2326,0
DA:2327,0
DA:2328,0
DA:2329,0
DA:2331,1
DA:2332,0
DA:2333,0
DA:2335,1
DA:2336,0
DA:2337,0
DA:2338,0
DA:2339,0
DA:2340,0
DA:2342,1
DA:2343,0
DA:2344,0
DA:2346,1
DA:2348,2
DA:2349,2
DA:2350,2
DA:2351,2
DA:2352,2
DA:2354,0
DA:2355,0
DA:2356,0
DA:2357,0
DA:2358,0
DA:2359,2
DA:2361,1
DA:2363,0
DA:2365,0
DA:2366,0
DA:2368,0
DA:2369,0
DA:2370,0
DA:2372,0
DA:2373,0
DA:2374,0
DA:2375,0
DA:2376,0
DA:2377,0
DA:2378,0
DA:2380,0
DA:2381,0
DA:2382,0
DA:2383,0
DA:2384,0
DA:2385,0
DA:2388,0
DA:2389,0
DA:2391,1
DA:2392,0
DA:2393,0
DA:2394,0
DA:2395,0
DA:2396,0
DA:2398,1
DA:2400,0
DA:2403,0
DA:2404,0
DA:2405,0
DA:2406,0
DA:2408,0
DA:2409,0
DA:2411,0
DA:2412,0
DA:2414,0
DA:2415,0
DA:2416,0
DA:2417,0
DA:2418,0
DA:2419,0
DA:2420,0
DA:2421,0
DA:2422,0
DA:2425,0
DA:2426,0
DA:2427,0
DA:2428,0
DA:2429,0
DA:2431,0
DA:2432,0
DA:2434,1
DA:2436,4
DA:2437,4
DA:2438,4
DA:2439,4
DA:2440,4
DA:2443,4
DA:2444,4
DA:2445,0
DA:2446,0
DA:2447,0
DA:2448,0
DA:2449,0
DA:2450,0
DA:2451,0
DA:2452,0
DA:2453,0
DA:2455,4
DA:2456,4
DA:2457,0
DA:2458,0
DA:2459,0
DA:2460,0
DA:2461,0
DA:2462,0
DA:2463,0
DA:2464,0
DA:2465,0
DA:2467,4
DA:2468,4
DA:2474,1
DA:2475,0
DA:2476,0
DA:2477,0
DA:2483,1
DA:2484,0
DA:2485,0
DA:2486,0
DA:2487,0
DA:2488,0
DA:2493,1
DA:2494,0
DA:2495,0
DA:2496,0
DA:2497,0
DA:2498,0
DA:2503,1
DA:2504,1
DA:2505,0
DA:2506,0
DA:2507,1
DA:2513,1
DA:2514,63
DA:2515,9
DA:2516,9
DA:2517,9
DA:2518,63
DA:2523,1
DA:2524,114
DA:2525,6
DA:2526,6
DA:2527,6
DA:2528,114
DA:2533,1
DA:2534,3
DA:2535,0
DA:2536,0
DA:2537,3
DA:2542,1
DA:2543,3
DA:2544,0
DA:2545,0
DA:2546,3
DA:2553,1
DA:2554,82
DA:2555,28
DA:2556,28
DA:2557,28
DA:2558,28
DA:2559,28
DA:2561,54
DA:2564,54
DA:2565,54
DA:2567,82
DA:2568,2
DA:2569,2
DA:2570,2
DA:2571,2
DA:2572,2
DA:2574,52
DA:2577,82
DA:2578,82
DA:2579,82
DA:2580,82
DA:2585,1
DA:2586,52
DA:2588,46
DA:2591,46
DA:2592,46
DA:2594,52
DA:2595,84
DA:2596,84
DA:2597,84
DA:2598,84
DA:2599,84
DA:2600,84
DA:2601,84
DA:2602,84
DA:2605,52
DA:2606,0
DA:2607,0
DA:2608,0
DA:2609,0
DA:2610,0
DA:2611,0
DA:2612,0
DA:2613,0
DA:2614,0
DA:2615,0
DA:2617,46
DA:2618,52
DA:2626,1
DA:2627,57
DA:2628,57
DA:2633,1
DA:2634,86
DA:2635,0
DA:2636,0
DA:2637,86
DA:2638,86
DA:2643,1
DA:2645,1
DA:2646,0
DA:2647,0
DA:2648,1
DA:2649,0
DA:2650,0
DA:2653,1
DA:2654,1
DA:2660,1
DA:2661,259
DA:2662,0
DA:2663,0
DA:2665,259
DA:2666,259
DA:2668,259
DA:2669,9
DA:2670,9
DA:2672,250
DA:2674,250
DA:2675,250
DA:2676,250
DA:2677,259
DA:2678,259
DA:2679,0
DA:2680,0
DA:2681,259
DA:2686,1
DA:2687,259
DA:2688,0
DA:2689,0
DA:2691,259
DA:2692,259
DA:2693,9
DA:2694,9
DA:2697,250
DA:2698,250
DA:2699,259
DA:2704,1
DA:2705,146
DA:2708,25
DA:2710,146
DA:2711,146
DA:2712,146
DA:2713,146
DA:2714,146
DA:2715,146
DA:2716,146
DA:2718,5
DA:2719,146
DA:2724,1
DA:2725,86
DA:2726,86
DA:2727,86
DA:2728,86
DA:2734,1
DA:2735,86
DA:2736,86
DA:2737,86
DA:2739,86
DA:2740,6
DA:2741,86
DA:2746,1
DA:2747,143
DA:2748,143
DA:2755,1
DA:2756,286
DA:2757,286
DA:2762,1
DA:2763,57
DA:2764,57
DA:2769,1
DA:2770,171
DA:2771,171
DA:2772,6
DA:2773,6
DA:2776,165
DA:2777,165
DA:2778,171
DA:2783,1
DA:2784,57
DA:2785,57
DA:2786,57
DA:2787,57
DA:2792,1
DA:2793,172
DA:2794,172
DA:2796,172
DA:2797,30
DA:2798,30
DA:2800,142
DA:2802,142
DA:2803,142
DA:2804,142
DA:2805,172
DA:2806,172
DA:2807,0
DA:2808,0
DA:2809,172
DA:2814,1
DA:2815,57
DA:2816,57
DA:2817,57
DA:2819,57
DA:2820,17
DA:2821,57
DA:2826,1
DA:2827,1
DA:2828,1
DA:2834,1
DA:2835,5
DA:2836,5
DA:2837,2
DA:2838,0
DA:2839,0
DA:2840,2
DA:2843,2
DA:2844,2
DA:2845,2
DA:2846,0
DA:2847,0
DA:2848,2
DA:2849,0
DA:2850,0
DA:2851,5
DA:2853,5
DA:2854,5
DA:2855,5
DA:2856,0
DA:2857,5
DA:2858,5
DA:2861,5
DA:2862,1
DA:2863,5
DA:2864,4
DA:2865,4
DA:2866,5
DA:2867,0
DA:2868,0
DA:2869,5
DA:2871,5
DA:2872,5
DA:2873,5
DA:2874,5
DA:2875,5
DA:2876,5
DA:2877,5
DA:2878,5
DA:2883,1
DA:2884,15
DA:2885,14
DA:2886,14
DA:2887,14
DA:2888,14
DA:2889,15
DA:2890,15
DA:2895,1
DA:2896,22
DA:2897,0
DA:2898,0
DA:2899,22
DA:2900,22
DA:2901,1
DA:2902,1
LF:2145
LH:1651
BRDA:1182,0,0,42
BRDA:1327,1,0,42
BRDA:1328,2,0,29
BRDA:1330,3,0,42
BRDA:1333,4,0,158
BRDA:1334,5,0,62
BRDA:1334,6,0,96
BRDA:1336,7,0,76
BRDA:1337,8,0,76
BRDA:1338,9,0,75
BRDA:1341,10,0,20
BRDA:1341,11,0,19
BRDA:1341,12,0,77
BRDA:1341,13,0,19
BRDA:1342,14,0,1
BRDA:1342,15,0,18
BRDA:1343,16,0,0
BRDA:1343,17,0,18
BRDA:1343,18,0,18
BRDA:1347,19,0,167
BRDA:1348,20,0,132
BRDA:1349,21,0,131
BRDA:1351,22,0,93
BRDA:1352,23,0,18
BRDA:1353,24,0,18
BRDA:1354,25,0,17
BRDA:1355,26,0,17
BRDA:1357,27,0,167
BRDA:1358,28,0,132
BRDA:1359,29,0,131
BRDA:1361,30,0,74
BRDA:1361,31,0,93
BRDA:1362,32,0,75
BRDA:1362,33,0,18
BRDA:1363,34,0,0
BRDA:1363,35,0,18
BRDA:1364,36,0,1
BRDA:1364,37,0,17
BRDA:1365,38,0,0
BRDA:1365,39,0,17
BRDA:1365,40,0,17
BRDA:1368,41,0,59
BRDA:1371,42,0,2
BRDA:1379,43,0,1
BRDA:1380,44,0,0
BRDA:1382,45,0,0
BRDA:1444,46,0,42
BRDA:1445,47,0,13
BRDA:1445,48,0,13
BRDA:1450,49,0,12
BRDA:1456,50,0,26
BRDA:1463,51,0,1
BRDA:1474,52,0,110
BRDA:1481,53,0,42
BRDA:1486,54,0,42
BRDA:1488,55,0,0
BRDA:1501,56,0,0
BRDA:1506,57,0,40
BRDA:1511,58,0,0
BRDA:1516,59,0,75
BRDA:1523,60,0,13
BRDA:1526,61,0,62
BRDA:1534,62,0,58
BRDA:1537,63,0,1
BRDA:1540,64,0,58
BRDA:1542,65,0,4
BRDA:1547,66,0,0
BRDA:1549,67,0,3
BRDA:1551,68,0,1
BRDA:1552,69,0,0
BRDA:1552,70,0,0
BRDA:1556,71,0,0
BRDA:1564,72,0,0
BRDA:1564,73,0,62
BRDA:1568,74,0,62
BRDA:1578,75,0,15
BRDA:1580,76,0,0
BRDA:1580,77,0,0
BRDA:1582,78,0,0
BRDA:1587,79,0,0
BRDA:1592,80,0,0
BRDA:1597,81,0,0
BRDA:1604,82,0,14
BRDA:1609,83,0,56
BRDA:1612,84,0,55
BRDA:1610,85,0,43
BRDA:1611,86,0,42
BRDA:1615,87,0,13
BRDA:1616,88,0,0
BRDA:1678,89,0,12
BRDA:1620,90,0,13
BRDA:1628,91,0,12
BRDA:1631,92,0,0
BRDA:1631,93,0,0
BRDA:1681,94,0,2
BRDA:1683,95,0,0
BRDA:1688,96,0,1
BRDA:1739,97,0,1
BRDA:1740,98,0,0
BRDA:1765,99,0,0
BRDA:1771,100,0,1
BRDA:1778,101,0,1
BRDA:1779,102,0,1
BRDA:1792,103,0,0
BRDA:1808,104,0,0
BRDA:1829,105,0,1
BRDA:1830,106,0,0
BRDA:1859,107,0,0
BRDA:1839,108,0,1
BRDA:1843,109,0,0
BRDA:1866,110,0,1
BRDA:1878,111,0,1
BRDA:1882,112,0,58
BRDA:1883,113,0,0
BRDA:1892,114,0,1
BRDA:1901,115,0,0
BRDA:1911,116,0,0
BRDA:1925,117,0,1
BRDA:1949,118,0,0
BRDA:1975,119,0,0
BRDA:1975,120,0,0
BRDA:2003,121,0,0
BRDA:2011,122,0,0
BRDA:2012,123,0,0
BRDA:2018,124,0,0
BRDA:1929,125,0,1
BRDA:2025,126,0,6
BRDA:2026,127,0,2
BRDA:2029,128,0,4
BRDA:2107,129,0,2
BRDA:2031,130,0,4
BRDA:2049,131,0,0
BRDA:2053,132,0,0
BRDA:2062,133,0,0
BRDA:2065,134,0,0
BRDA:2068,135,0,0
BRDA:2071,136,0,0
BRDA:2087,137,0,1
BRDA:2089,138,0,3
BRDA:2090,139,0,1
BRDA:2093,140,0,2
BRDA:2102,141,0,1
BRDA:2102,142,0,1
BRDA:2104,143,0,2
BRDA:2106,144,0,1
BRDA:2106,145,0,1
BRDA:2033,146,0,4
BRDA:2035,147,0,0
BRDA:2036,148,0,0
BRDA:2039,149,0,3
BRDA:2037,150,0,1
BRDA:2076,151,0,4
BRDA:2077,152,0,0
BRDA:2080,153,0,0
BRDA:2113,154,0,2
BRDA:2117,155,0,0
BRDA:2126,156,0,13
BRDA:2127,157,0,0
BRDA:2140,158,0,0
BRDA:2134,159,0,1
BRDA:2149,160,0,2
BRDA:2150,161,0,0
BRDA:2188,162,0,1
BRDA:2207,163,0,1
BRDA:2208,164,0,0
BRDA:2220,165,0,2
BRDA:2223,166,0,1
BRDA:2230,167,0,0
BRDA:2233,168,0,1
BRDA:2241,169,0,16
BRDA:2244,170,0,0
BRDA:2249,171,0,0
BRDA:2254,172,0,0
BRDA:2254,173,0,0
BRDA:2257,174,0,0
BRDA:2257,175,0,0
BRDA:2263,176,0,1
BRDA:2264,177,0,1
BRDA:2265,178,0,0
BRDA:2270,179,0,1
BRDA:2272,180,0,0
BRDA:2275,181,0,1
BRDA:2277,182,0,0
BRDA:2280,183,0,1
BRDA:2289,184,0,0
BRDA:2346,185,0,2
BRDA:2352,186,0,0
BRDA:2434,187,0,4
BRDA:2444,188,0,0
BRDA:2444,189,0,0
BRDA:2444,190,0,0
BRDA:2456,191,0,0
BRDA:2456,192,0,0
BRDA:2456,193,0,0
BRDA:2503,194,0,1
BRDA:2504,195,0,0
BRDA:2513,196,0,63
BRDA:2514,197,0,9
BRDA:2515,198,0,9
BRDA:2516,199,0,9
BRDA:2523,200,0,114
BRDA:2524,201,0,6
BRDA:2525,202,0,6
BRDA:2526,203,0,6
BRDA:2533,204,0,3
BRDA:2534,205,0,0
BRDA:2542,206,0,3
BRDA:2543,207,0,0
BRDA:2553,208,0,82
BRDA:2554,209,0,28
BRDA:2559,210,0,54
BRDA:2567,211,0,2
BRDA:2572,212,0,52
BRDA:2577,213,0,6
BRDA:2578,214,0,52
BRDA:2578,215,0,0
BRDA:2585,216,0,52
BRDA:2586,217,0,6
BRDA:2586,218,0,46
BRDA:2594,219,0,84
BRDA:2602,220,0,46
BRDA:2605,221,0,0
BRDA:2615,222,0,46
BRDA:2626,223,0,57
BRDA:2627,224,0,14
BRDA:2633,225,0,86
BRDA:2634,226,0,0
BRDA:2637,227,0,0
BRDA:2643,228,0,1
BRDA:2645,229,0,0
BRDA:2648,230,0,0
BRDA:2660,231,0,259
BRDA:2661,232,0,0
BRDA:2665,233,0,9
BRDA:2668,234,0,9
BRDA:2670,235,0,250
BRDA:2677,236,0,9
BRDA:2677,237,0,241
BRDA:2678,238,0,0
BRDA:2686,239,0,259
BRDA:2687,240,0,0
BRDA:2691,241,0,9
BRDA:2692,242,0,9
BRDA:2694,243,0,250
BRDA:2704,244,0,146
BRDA:2705,245,0,121
BRDA:2705,246,0,25
BRDA:2710,247,0,19
BRDA:2710,248,0,6
BRDA:2711,249,0,1
BRDA:2711,250,0,5
BRDA:2712,251,0,0
BRDA:2712,252,0,5
BRDA:2713,253,0,0
BRDA:2713,254,0,5
BRDA:2714,255,0,0
BRDA:2714,256,0,5
BRDA:2715,257,0,0
BRDA:2715,258,0,5
BRDA:2716,259,0,0
BRDA:2716,260,0,5
BRDA:2724,261,0,86
BRDA:2734,262,0,86
BRDA:2736,263,0,0
BRDA:2739,264,0,80
BRDA:2739,265,0,6
BRDA:2746,266,0,143
BRDA:2755,267,0,286
BRDA:2762,268,0,57
BRDA:2769,269,0,171
BRDA:2770,270,0,6
BRDA:2771,271,0,6
BRDA:2773,272,0,165
BRDA:2783,273,0,57
BRDA:2792,274,0,172
BRDA:2793,275,0,6
BRDA:2796,276,0,148
BRDA:2796,277,0,30
BRDA:2798,278,0,142
BRDA:2805,279,0,21
BRDA:2805,280,0,121
BRDA:2806,281,0,0
BRDA:2814,282,0,57
BRDA:2819,283,0,40
BRDA:2819,284,0,17
BRDA:2826,285,0,1
BRDA:2834,286,0,5
BRDA:2835,287,0,5
BRDA:2855,288,0,0
BRDA:2861,289,0,1
BRDA:2863,290,0,4
BRDA:2866,291,0,0
BRDA:2836,292,0,2
BRDA:2837,293,0,0
BRDA:2845,294,0,0
BRDA:2848,295,0,0
BRDA:2883,296,0,15
BRDA:2884,297,0,14
BRDA:2886,298,0,0
BRDA:2886,299,0,28
BRDA:2895,300,0,22
BRDA:2896,301,0,0
BRDA:2899,302,0,5
BRDA:32,303,0,1
BRDA:34,304,0,1
BRDA:45,305,0,1
BRDA:50,306,0,1
BRDA:53,307,0,1
BRDA:56,308,0,1
BRDA:59,309,0,1
BRDA:66,310,0,1
BRDA:97,311,0,1
BRDA:98,312,0,1
BRDA:157,313,0,1
BRDA:170,314,0,1
BRDA:221,315,0,1
BRDA:224,316,0,1
BRDA:237,317,0,1
BRDA:247,318,0,1
BRDA:261,319,0,1
BRDA:271,320,0,1
BRDA:332,321,0,1
BRDA:422,322,0,1
BRDA:448,323,0,1
BRDA:518,324,0,1
BRDA:560,325,0,1
BRDA:566,326,0,1
BRDA:581,327,0,1
BRDA:594,328,0,1
BRDA:617,329,0,1
BRDA:648,330,0,1
BRDA:654,331,0,1
BRDA:669,332,0,1
BRDA:691,333,0,1
BRDA:699,334,0,1
BRDA:717,335,0,1
BRDA:724,336,0,1
BRDA:732,337,0,1
BRDA:771,338,0,1
BRDA:777,339,0,1
BRDA:792,340,0,1
BRDA:823,341,0,1
BRDA:828,342,0,1
BRDA:836,343,0,1
BRDA:851,344,0,1
BRDA:860,345,0,1
BRDA:862,346,0,1
BRDA:873,347,0,1
BRDA:874,348,0,1
BRDA:880,349,0,1
BRDA:890,350,0,1
BRDA:902,351,0,1
BRDA:905,352,0,1
BRDA:935,353,0,1
BRDA:961,354,0,1
BRDA:964,355,0,1
BRDA:994,356,0,1
BRDA:14,357,0,90
BRDA:14,358,0,169
BRDA:19,359,0,42
BRDA:21,360,0,122
BRDA:21,361,0,137
BRDA:28,362,0,42
BRDA:36,363,0,42
BRDA:47,364,0,42
BRDA:90,365,0,42
BRDA:109,366,0,42
BRDA:113,367,0,42
BRDA:113,368,0,42
BRDA:124,369,0,42
BRDA:134,370,0,3
BRDA:134,371,0,256
BRDA:135,372,0,42
BRDA:137,373,0,3
BRDA:137,374,0,256
BRDA:163,375,0,42
BRDA:178,376,0,42
BRDA:186,377,0,42
BRDA:198,378,0,42
BRDA:1,379,0,1
BRDA:1,380,0,258
BRDA:226,381,0,42
BRDA:239,382,0,42
BRDA:259,383,0,42
BRDA:269,384,0,42
BRDA:314,385,0,203
BRDA:321,386,0,42
BRDA:334,387,0,137
BRDA:353,388,0,42
BRDA:362,389,0,32
BRDA:363,390,0,42
BRDA:365,391,0,122
BRDA:365,392,0,137
BRDA:526,393,0,42
BRDA:534,394,0,42
BRDA:542,395,0,42
BRDA:1,396,0,257
BRDA:615,397,0,1
BRDA:622,398,0,1
BRDA:627,399,0,0
BRDA:628,400,0,1
BRDA:1,401,0,257
BRDA:1,402,0,0
BRDA:1,403,0,0
BRDA:1024,404,0,1
BRDA:1030,405,0,1
BRDA:1,406,0,257
BRDA:9,407,0,1
BRDA:390,408,0,43
BRDA:1,409,0,54
BRDA:497,410,0,0
BRF:411
BRH:308
end_of_record
TN:
SF:src/components/AdminProblemSets.vue
FN:1,(empty-report)
FNF:1
FNH:0
FNDA:0,(empty-report)
DA:1,0
DA:2,0
DA:3,0
DA:4,0
DA:5,0
DA:7,0
DA:9,0
DA:10,0
DA:11,0
DA:12,0
DA:13,0
DA:15,0
DA:17,0
DA:18,0
DA:19,0
DA:21,0
DA:22,0
DA:23,0
DA:25,0
DA:26,0
DA:27,0
DA:29,0
DA:30,0
DA:31,0
DA:32,0
DA:34,0
DA:35,0
DA:37,0
DA:38,0
DA:39,0
DA:41,0
DA:42,0
DA:43,0
DA:44,0
DA:45,0
DA:46,0
DA:47,0
DA:48,0
DA:49,0
DA:50,0
DA:51,0
DA:52,0
DA:53,0
DA:54,0
DA:56,0
DA:57,0
DA:58,0
DA:59,0
DA:60,0
DA:61,0
DA:62,0
DA:63,0
DA:64,0
DA:65,0
DA:66,0
DA:67,0
DA:68,0
DA:70,0
DA:71,0
DA:72,0
DA:73,0
DA:74,0
DA:76,0
DA:77,0
DA:78,0
DA:79,0
DA:80,0
DA:82,0
DA:83,0
DA:84,0
DA:85,0
DA:87,0
DA:88,0
DA:89,0
DA:91,0
DA:92,0
DA:93,0
DA:94,0
DA:95,0
DA:96,0
DA:97,0
DA:98,0
DA:100,0
DA:101,0
DA:102,0
DA:103,0
DA:104,0
DA:105,0
DA:106,0
DA:107,0
DA:108,0
DA:109,0
DA:110,0
DA:114,0
DA:115,0
DA:116,0
DA:117,0
DA:118,0
DA:119,0
DA:132,0
DA:133,0
DA:134,0
DA:135,0
DA:136,0
DA:137,0
DA:138,0
DA:139,0
DA:140,0
DA:141,0
DA:142,0
DA:143,0
DA:144,0
DA:145,0
DA:146,0
DA:147,0
DA:148,0
DA:149,0
DA:150,0
DA:151,0
DA:152,0
DA:154,0
DA:155,0
DA:156,0
DA:157,0
DA:159,0
DA:160,0
DA:161,0
DA:162,0
DA:163,0
DA:164,0
DA:165,0
DA:167,0
DA:168,0
DA:169,0
DA:170,0
DA:172,0
DA:173,0
DA:174,0
DA:175,0
DA:176,0
DA:177,0
DA:178,0
DA:179,0
DA:180,0
DA:181,0
DA:183,0
DA:184,0
DA:185,0
DA:186,0
DA:188,0
DA:189,0
DA:190,0
DA:191,0
DA:192,0
DA:194,0
DA:195,0
DA:196,0
DA:198,0
DA:199,0
DA:200,0
DA:201,0
DA:202,0
DA:203,0
DA:204,0
DA:207,0
DA:208,0
DA:209,0
DA:210,0
DA:212,0
DA:213,0
DA:214,0
DA:215,0
DA:216,0
DA:217,0
DA:218,0
DA:219,0
DA:221,0
DA:222,0
DA:224,0
DA:225,0
DA:226,0
DA:227,0
DA:228,0
DA:229,0
LF:184
LH:0
BRDA:1,0,0,0
BRF:1
BRH:0
end_of_record
TN:
SF:src/components/AdminProblems.vue
FN:1,(empty-report)
FNF:1
FNH:0
FNDA:0,(empty-report)
DA:1,0
DA:2,0
DA:3,0
DA:4,0
DA:5,0
DA:7,0
DA:9,0
DA:10,0
DA:11,0
DA:12,0
DA:13,0
DA:15,0
DA:17,0
DA:18,0
DA:19,0
DA:21,0
DA:22,0
DA:23,0
DA:25,0
DA:26,0
DA:27,0
DA:29,0
DA:30,0
DA:31,0
DA:32,0
DA:34,0
DA:35,0
DA:37,0
DA:38,0
DA:39,0
DA:41,0
DA:42,0
DA:43,0
DA:44,0
DA:45,0
DA:46,0
DA:47,0
DA:48,0
DA:49,0
DA:50,0
DA:51,0
DA:52,0
DA:53,0
DA:54,0
DA:56,0
DA:57,0
DA:58,0
DA:59,0
DA:61,0
DA:62,0
DA:63,0
DA:64,0
DA:65,0
DA:66,0
DA:67,0
DA:68,0
DA:70,0
DA:71,0
DA:72,0
DA:73,0
DA:74,0
DA:75,0
DA:76,0
DA:77,0
DA:78,0
DA:80,0
DA:81,0
DA:82,0
DA:83,0
DA:84,0
DA:86,0
DA:87,0
DA:88,0
DA:89,0
DA:90,0
DA:91,0
DA:92,0
DA:93,0
DA:97,0
DA:98,0
DA:99,0
DA:100,0
DA:101,0
DA:110,0
DA:111,0
DA:112,0
DA:113,0
DA:114,0
DA:115,0
DA:120,0
DA:121,0
DA:122,0
DA:123,0
DA:124,0
DA:125,0
DA:126,0
DA:127,0
DA:128,0
DA:129,0
DA:130,0
DA:131,0
DA:133,0
DA:134,0
DA:135,0
DA:136,0
DA:138,0
DA:139,0
DA:140,0
DA:141,0
DA:142,0
DA:143,0
DA:144,0
DA:145,0
DA:146,0
DA:147,0
DA:148,0
DA:149,0
DA:150,0
DA:151,0
DA:152,0
DA:153,0
DA:154,0
DA:155,0
DA:156,0
DA:157,0
DA:159,0
DA:160,0
DA:161,0
DA:162,0
DA:163,0
DA:164,0
DA:165,0
DA:166,0
DA:167,0
DA:168,0
DA:169,0
DA:170,0
DA:171,0
DA:172,0
DA:173,0
DA:174,0
DA:175,0
DA:176,0
DA:178,0
DA:179,0
DA:180,0
DA:181,0
DA:183,0
DA:184,0
DA:185,0
DA:186,0
DA:187,0
DA:188,0
DA:190,0
DA:191,0
DA:194,0
DA:195,0
DA:196,0
DA:197,0
DA:198,0
DA:199,0
DA:201,0
DA:203,0
DA:204,0
DA:205,0
DA:208,0
DA:209,0
DA:211,0
DA:212,0
DA:213,0
DA:214,0
DA:215,0
DA:216,0
DA:217,0
DA:218,0
DA:219,0
DA:220,0
DA:221,0
DA:222,0
DA:223,0
DA:224,0
DA:226,0
DA:227,0
DA:228,0
DA:229,0
DA:230,0
DA:231,0
DA:232,0
DA:233,0
DA:234,0
DA:235,0
DA:237,0
DA:238,0
DA:239,0
DA:240,0
DA:241,0
DA:242,0
DA:243,0
DA:244,0
DA:245,0
DA:246,0
DA:248,0
DA:249,0
DA:250,0
DA:252,0
DA:253,0
DA:254,0
DA:256,0
DA:257,0
DA:258,0
DA:259,0
DA:260,0
DA:262,0
DA:263,0
DA:264,0
DA:266,0
DA:267,0
DA:268,0
DA:269,0
DA:270,0
DA:271,0
DA:275,0
DA:276,0
DA:278,0
DA:279,0
DA:280,0
DA:281,0
DA:282,0
DA:283,0
LF:229
LH:0
BRDA:1,0,0,0
BRF:1
BRH:0
end_of_record
TN:
SF:src/components/AdminSubmissions.vue
FN:1,(empty-report)
FNF:1
FNH:0
FNDA:0,(empty-report)
DA:1,0
DA:2,0
DA:3,0
DA:4,0
DA:5,0
DA:7,0
DA:9,0
DA:10,0
DA:11,0
DA:12,0
DA:13,0
DA:15,0
DA:17,0
DA:18,0
DA:19,0
DA:21,0
DA:22,0
DA:23,0
DA:25,0
DA:26,0
DA:27,0
DA:29,0
DA:30,0
DA:31,0
DA:32,0
DA:33,0
DA:34,0
DA:35,0
DA:36,0
DA:37,0
DA:38,0
DA:39,0
DA:40,0
DA:41,0
DA:43,0
DA:45,0
DA:46,0
DA:48,0
DA:49,0
DA:51,0
DA:52,0
DA:54,0
DA:55,0
DA:56,0
DA:57,0
DA:58,0
DA:59,0
DA:61,0
DA:63,0
DA:64,0
DA:65,0
DA:66,0
DA:67,0
DA:69,0
DA:70,0
DA:71,0
DA:72,0
DA:73,0
DA:74,0
DA:75,0
DA:76,0
DA:77,0
DA:78,0
DA:79,0
DA:80,0
DA:82,0
DA:83,0
DA:84,0
DA:86,0
DA:87,0
DA:88,0
DA:89,0
DA:90,0
DA:91,0
DA:92,0
DA:93,0
DA:94,0
DA:95,0
DA:96,0
DA:97,0
DA:98,0
DA:99,0
DA:100,0
DA:101,0
DA:103,0
DA:104,0
DA:105,0
DA:106,0
DA:107,0
DA:108,0
DA:109,0
DA:110,0
DA:111,0
DA:112,0
DA:113,0
DA:114,0
DA:115,0
DA:116,0
DA:117,0
DA:118,0
DA:120,0
DA:121,0
DA:122,0
DA:123,0
DA:124,0
DA:125,0
DA:126,0
DA:128,0
DA:129,0
DA:130,0
DA:131,0
DA:132,0
DA:133,0
DA:134,0
DA:135,0
DA:136,0
DA:137,0
DA:138,0
DA:139,0
DA:141,0
DA:142,0
DA:143,0
DA:144,0
DA:145,0
DA:146,0
DA:148,0
DA:149,0
DA:150,0
DA:151,0
DA:152,0
DA:154,0
DA:155,0
DA:156,0
DA:158,0
DA:160,0
DA:161,0
DA:163,0
DA:164,0
DA:166,0
DA:167,0
DA:169,0
DA:170,0
DA:171,0
DA:172,0
DA:174,0
DA:175,0
DA:176,0
DA:178,0
DA:179,0
DA:180,0
DA:181,0
DA:182,0
DA:183,0
DA:184,0
DA:186,0
DA:188,0
DA:189,0
DA:190,0
DA:191,0
DA:192,0
DA:193,0
DA:195,0
DA:197,0
DA:198,0
DA:199,0
DA:200,0
DA:201,0
DA:202,0
DA:204,0
DA:205,0
DA:207,0
DA:208,0
DA:209,0
DA:210,0
DA:211,0
DA:212,0
DA:214,0
DA:216,0
DA:217,0
DA:218,0
DA:219,0
DA:220,0
DA:221,0
DA:223,0
DA:224,0
DA:226,0
DA:227,0
DA:228,0
DA:229,0
DA:230,0
DA:231,0
DA:232,0
DA:234,0
DA:236,0
DA:237,0
DA:239,0
DA:240,0
DA:242,0
DA:243,0
DA:244,0
DA:245,0
DA:246,0
DA:248,0
DA:249,0
DA:250,0
DA:251,0
DA:252,0
DA:253,0
DA:254,0
DA:255,0
DA:256,0
DA:260,0
DA:261,0
DA:262,0
DA:263,0
DA:264,0
DA:265,0
DA:266,0
DA:288,0
DA:289,0
DA:290,0
DA:291,0
DA:292,0
DA:293,0
DA:294,0
DA:295,0
DA:296,0
DA:297,0
DA:298,0
DA:299,0
DA:300,0
DA:301,0
DA:302,0
DA:303,0
DA:305,0
DA:306,0
DA:307,0
DA:308,0
DA:309,0
DA:310,0
DA:311,0
DA:312,0
DA:313,0
DA:314,0
DA:315,0
DA:316,0
DA:318,0
DA:319,0
DA:320,0
DA:321,0
DA:322,0
DA:323,0
DA:324,0
DA:325,0
DA:326,0
DA:328,0
DA:329,0
DA:330,0
DA:331,0
DA:332,0
DA:334,0
DA:335,0
DA:336,0
DA:337,0
DA:339,0
DA:340,0
DA:342,0
DA:343,0
DA:344,0
DA:346,0
DA:347,0
DA:348,0
DA:350,0
DA:351,0
DA:354,0
DA:355,0
DA:357,0
DA:358,0
DA:361,0
DA:362,0
DA:363,0
DA:364,0
DA:366,0
DA:367,0
DA:368,0
DA:369,0
DA:370,0
DA:371,0
DA:374,0
DA:375,0
DA:376,0
DA:378,0
DA:379,0
DA:380,0
DA:381,0
DA:382,0
DA:383,0
DA:384,0
DA:385,0
DA:386,0
DA:388,0
DA:391,0
DA:392,0
DA:393,0
DA:394,0
DA:395,0
DA:397,0
DA:398,0
DA:399,0
DA:400,0
DA:401,0
DA:402,0
DA:403,0
DA:405,0
DA:406,0
DA:407,0
DA:408,0
DA:409,0
DA:410,0
DA:412,0
DA:413,0
DA:414,0
DA:415,0
DA:417,0
DA:418,0
DA:419,0
DA:420,0
DA:421,0
DA:422,0
DA:423,0
DA:425,0
DA:426,0
DA:427,0
DA:428,0
DA:432,0
DA:433,0
DA:434,0
DA:435,0
DA:436,0
DA:437,0
DA:439,0
DA:440,0
DA:441,0
DA:442,0
DA:443,0
DA:444,0
DA:445,0
DA:446,0
DA:447,0
DA:448,0
DA:449,0
DA:450,0
DA:451,0
DA:453,0
DA:454,0
DA:455,0
DA:456,0
DA:458,0
DA:459,0
DA:460,0
DA:461,0
DA:462,0
DA:463,0
DA:464,0
DA:465,0
DA:466,0
DA:467,0
DA:468,0
DA:469,0
DA:470,0
DA:471,0
DA:473,0
DA:474,0
DA:475,0
DA:476,0
DA:477,0
DA:479,0
DA:480,0
DA:483,0
DA:484,0
DA:485,0
DA:486,0
DA:487,0
DA:488,0
DA:489,0
DA:490,0
DA:491,0
DA:492,0
DA:494,0
DA:495,0
DA:496,0
DA:497,0
DA:498,0
DA:499,0
DA:500,0
DA:502,0
DA:505,0
DA:506,0
DA:507,0
DA:508,0
DA:509,0
DA:510,0
DA:511,0
DA:512,0
DA:513,0
DA:514,0
DA:515,0
DA:516,0
DA:517,0
DA:518,0
DA:519,0
DA:520,0
DA:521,0
DA:523,0
DA:524,0
DA:525,0
DA:526,0
DA:527,0
DA:528,0
DA:529,0
DA:530,0
DA:531,0
DA:532,0
DA:533,0
DA:534,0
DA:535,0
DA:536,0
DA:537,0
DA:538,0
DA:539,0
DA:540,0
DA:541,0
DA:542,0
DA:545,0
DA:546,0
DA:547,0
DA:548,0
DA:551,0
DA:552,0
DA:553,0
DA:554,0
DA:555,0
DA:557,0
DA:558,0
DA:559,0
DA:560,0
DA:561,0
DA:563,0
DA:564,0
DA:565,0
DA:566,0
DA:567,0
DA:569,0
DA:570,0
DA:572,0
DA:573,0
DA:576,0
DA:577,0
DA:578,0
DA:579,0
DA:580,0
DA:581,0
DA:582,0
DA:583,0
DA:584,0
DA:585,0
DA:588,0
DA:589,0
DA:590,0
DA:591,0
DA:592,0
DA:593,0
DA:596,0
DA:597,0
DA:598,0
DA:601,0
DA:602,0
DA:603,0
DA:604,0
DA:605,0
DA:606,0
DA:607,0
DA:608,0
DA:609,0
DA:611,0
DA:612,0
DA:613,0
DA:614,0
DA:615,0
DA:618,0
DA:619,0
DA:622,0
DA:623,0
DA:624,0
DA:625,0
DA:626,0
DA:627,0
DA:628,0
DA:630,0
DA:631,0
DA:634,0
DA:635,0
DA:636,0
DA:637,0
DA:638,0
DA:639,0
DA:640,0
DA:641,0
DA:642,0
LF:509
LH:0
BRDA:1,0,0,0
BRF:1
BRH:0
end_of_record
TN:
SF:src/components/AdminUsers.vue
FN:1,(empty-report)
FNF:1
FNH:0
FNDA:0,(empty-report)
DA:1,0
DA:2,0
DA:3,0
DA:4,0
DA:5,0
DA:7,0
DA:9,0
DA:10,0
DA:11,0
DA:12,0
DA:13,0
DA:15,0
DA:17,0
DA:18,0
DA:19,0
DA:21,0
DA:22,0
DA:23,0
DA:25,0
DA:26,0
DA:27,0
DA:29,0
DA:30,0
DA:31,0
DA:32,0
DA:33,0
DA:34,0
DA:35,0
DA:36,0
DA:37,0
DA:38,0
DA:39,0
DA:40,0
DA:41,0
DA:42,0
DA:44,0
DA:45,0
DA:46,0
DA:47,0
DA:48,0
DA:49,0
DA:51,0
DA:52,0
DA:53,0
DA:54,0
DA:55,0
DA:56,0
DA:57,0
DA:58,0
DA:59,0
DA:60,0
DA:61,0
DA:63,0
DA:65,0
DA:66,0
DA:68,0
DA:69,0
DA:71,0
DA:72,0
DA:73,0
DA:74,0
DA:75,0
DA:76,0
DA:77,0
DA:78,0
DA:79,0
DA:80,0
DA:81,0
DA:82,0
DA:83,0
DA:84,0
DA:88,0
DA:89,0
DA:90,0
DA:92,0
DA:93,0
DA:97,0
DA:106,0
DA:107,0
DA:108,0
DA:109,0
DA:110,0
DA:111,0
DA:112,0
DA:113,0
DA:114,0
DA:115,0
DA:116,0
DA:117,0
DA:118,0
DA:119,0
DA:120,0
DA:121,0
DA:122,0
DA:124,0
DA:125,0
DA:126,0
DA:127,0
DA:129,0
DA:130,0
DA:131,0
DA:132,0
DA:133,0
DA:134,0
DA:137,0
DA:138,0
DA:139,0
DA:140,0
DA:141,0
DA:144,0
DA:146,0
DA:148,0
DA:149,0
DA:150,0
DA:151,0
DA:152,0
DA:153,0
DA:155,0
DA:156,0
DA:157,0
DA:158,0
DA:159,0
DA:160,0
DA:161,0
DA:162,0
DA:163,0
DA:165,0
DA:166,0
DA:167,0
DA:168,0
DA:169,0
DA:170,0
DA:171,0
DA:172,0
DA:173,0
DA:174,0
DA:175,0
DA:177,0
DA:178,0
DA:179,0
DA:181,0
DA:182,0
DA:183,0
DA:184,0
DA:187,0
DA:188,0
DA:189,0
DA:190,0
DA:191,0
DA:193,0
DA:196,0
DA:197,0
DA:198,0
DA:199,0
DA:200,0
DA:201,0
DA:202,0
DA:203,0
DA:206,0
DA:207,0
DA:209,0
DA:210,0
DA:211,0
DA:212,0
DA:213,0
DA:214,0
DA:215,0
DA:216,0
DA:217,0
DA:218,0
DA:219,0
DA:220,0
DA:222,0
DA:223,0
DA:224,0
DA:225,0
DA:226,0
DA:227,0
DA:228,0
DA:229,0
LF:180
LH:0
BRDA:1,0,0,0
BRF:1
BRH:0
end_of_record
TN:
SF:src/components/CodeComprehensionEiPL.vue
FN:1,(empty-report)
FNF:1
FNH:0
FNDA:0,(empty-report)
DA:1,0
DA:2,0
DA:3,0
DA:4,0
DA:5,0
DA:6,0
DA:7,0
DA:8,0
DA:9,0
DA:10,0
DA:11,0
DA:12,0
DA:13,0
DA:14,0
DA:15,0
DA:16,0
DA:17,0
DA:18,0
DA:19,0
DA:20,0
DA:21,0
DA:22,0
DA:23,0
DA:24,0
DA:25,0
DA:26,0
DA:27,0
DA:28,0
DA:29,0
DA:30,0
DA:31,0
DA:32,0
DA:33,0
DA:34,0
DA:35,0
DA:36,0
DA:37,0
DA:38,0
DA:39,0
DA:40,0
DA:41,0
DA:42,0
DA:43,0
DA:44,0
DA:45,0
DA:46,0
DA:47,0
DA:48,0
DA:49,0
DA:50,0
DA:51,0
DA:52,0
DA:53,0
DA:54,0
DA:55,0
DA:56,0
DA:57,0
DA:58,0
DA:59,0
DA:60,0
DA:61,0
DA:62,0
DA:63,0
DA:64,0
DA:65,0
DA:66,0
DA:67,0
DA:68,0
DA:69,0
DA:70,0
DA:71,0
DA:72,0
DA:73,0
DA:74,0
DA:75,0
DA:76,0
DA:77,0
DA:78,0
DA:79,0
DA:80,0
DA:81,0
DA:82,0
DA:83,0
DA:84,0
DA:85,0
DA:86,0
DA:87,0
DA:88,0
DA:89,0
DA:90,0
DA:91,0
DA:92,0
DA:93,0
DA:94,0
DA:95,0
DA:96,0
DA:97,0
DA:98,0
DA:99,0
DA:100,0
DA:101,0
DA:102,0
DA:103,0
DA:104,0
DA:105,0
DA:106,0
DA:107,0
DA:108,0
DA:109,0
DA:110,0
DA:111,0
DA:112,0
DA:113,0
DA:114,0
DA:115,0
DA:116,0
DA:117,0
DA:118,0
DA:119,0
DA:120,0
DA:121,0
DA:122,0
DA:123,0
DA:124,0
DA:125,0
DA:126,0
DA:127,0
DA:128,0
DA:129,0
DA:130,0
DA:131,0
DA:132,0
DA:133,0
DA:134,0
DA:135,0
DA:136,0
DA:137,0
DA:138,0
DA:139,0
DA:140,0
DA:141,0
DA:142,0
DA:143,0
DA:144,0
DA:145,0
DA:146,0
DA:147,0
DA:148,0
DA:149,0
DA:150,0
DA:151,0
DA:152,0
DA:153,0
DA:154,0
DA:155,0
DA:156,0
DA:157,0
DA:158,0
DA:159,0
DA:160,0
DA:161,0
DA:162,0
DA:163,0
DA:164,0
DA:165,0
DA:166,0
DA:167,0
DA:168,0
DA:169,0
DA:170,0
DA:171,0
DA:172,0
DA:173,0
DA:174,0
DA:175,0
DA:176,0
DA:177,0
LF:177
LH:0
BRDA:1,0,0,0
BRF:1
BRH:0
end_of_record
TN:
SF:src/components/CodeLanguageMap.vue
FN:1,(empty-report)
FNF:1
FNH:0
FNDA:0,(empty-report)
DA:1,0
DA:2,0
DA:3,0
DA:4,0
DA:5,0
DA:6,0
DA:7,0
DA:8,0
DA:9,0
DA:10,0
[...]
DA:172,0
DA:173,0
DA:175,0
DA:177,0
DA:178,0
DA:179,0
DA:181,0
DA:182,0
DA:183,0
DA:185,0
DA:186,0
DA:187,0
DA:190,0
DA:191,0
DA:192,0
DA:194,0
DA:195,0
DA:196,0
DA:197,0
DA:198,0
DA:199,0
DA:200,0
DA:201,0
DA:204,0
DA:205,0
DA:206,0
DA:208,0
DA:209,0
DA:210,0
DA:211,0
DA:212,0
DA:213,0
DA:216,0
DA:217,0
DA:218,0
DA:219,0
DA:221,0
DA:223,0
DA:224,0
DA:225,0
DA:227,0
DA:228,0
DA:229,0
DA:230,0
DA:231,0
DA:234,0
DA:235,0
DA:236,0
DA:237,0
DA:238,0
DA:239,0
DA:240,0
DA:241,0
DA:242,0
DA:243,0
DA:244,0
DA:245,0
DA:246,0
DA:249,0
DA:250,0
DA:252,0
DA:253,0
DA:254,0
DA:255,0
DA:256,0
DA:257,0
DA:258,0
DA:259,0
DA:260,0
DA:261,0
DA:262,0
DA:263,0
DA:264,0
DA:265,0
DA:266,0
DA:267,0
DA:268,0
DA:269,0
DA:270,0
DA:272,0
DA:273,0
DA:275,0
DA:276,0
DA:277,0
DA:278,0
DA:281,0
DA:284,0
DA:286,0
DA:287,0
DA:288,0
DA:289,0
DA:290,0
DA:291,0
DA:292,0
DA:295,0
DA:296,0
DA:297,0
DA:298,0
DA:299,0
DA:300,0
DA:301,0
DA:302,0
DA:303,0
DA:304,0
DA:307,0
DA:308,0
DA:309,0
DA:312,0
DA:313,0
DA:314,0
DA:315,0
DA:316,0
DA:317,0
DA:318,0
DA:319,0
DA:320,0
DA:321,0
DA:323,0
DA:324,0
DA:325,0
DA:326,0
DA:327,0
DA:328,0
DA:329,0
DA:330,0
DA:331,0
DA:332,0
DA:333,0
DA:334,0
DA:337,0
DA:338,0
DA:339,0
DA:341,0
DA:342,0
DA:343,0
DA:344,0
DA:345,0
LF:180
LH:0
BRDA:1,0,0,1
BRF:1
BRH:1
end_of_record
TN:
SF:src/store/index.ts
FN:1,(empty-report)
FNF:1
FNH:0
FNDA:0,(empty-report)
DA:1,0
DA:2,0
DA:3,0
DA:10,0
DA:11,0
DA:12,0
DA:13,0
DA:14,0
DA:15,0
DA:17,0
LF:10
LH:0
BRDA:1,0,0,0
BRF:1
BRH:0
end_of_record
TN:
SF:src/tests/utils/testFactories.ts
FN:1,(empty-report)
FNF:1
FNH:1
FNDA:1,(empty-report)
DA:17,0
DA:18,0
DA:19,0
DA:20,0
DA:21,0
DA:22,0
DA:23,0
DA:24,0
DA:25,0
DA:26,0
DA:28,0
DA:29,0
DA:30,0
DA:31,0
DA:32,0
DA:33,0
DA:34,0
DA:35,0
DA:37,0
DA:38,0
DA:39,0
DA:40,0
DA:41,0
DA:42,0
DA:43,0
DA:44,0
DA:45,0
DA:46,0
DA:47,0
DA:48,0
DA:49,0
DA:50,0
DA:51,0
DA:52,0
DA:53,0
DA:54,0
DA:55,0
DA:56,0
DA:58,0
DA:59,0
DA:60,0
DA:61,0
DA:62,0
DA:63,0
DA:64,0
DA:65,0
DA:66,0
DA:67,0
DA:68,0
DA:69,0
DA:70,0
DA:71,0
DA:72,0
DA:74,0
DA:75,0
DA:76,0
DA:77,0
DA:78,0
DA:79,0
DA:80,0
DA:81,0
DA:82,0
DA:83,0
DA:84,0
DA:85,0
DA:86,0
DA:87,0
DA:88,0
DA:89,0
DA:91,0
DA:92,0
DA:93,0
DA:94,0
DA:95,0
DA:96,0
DA:97,0
DA:98,0
DA:100,0
DA:101,0
DA:102,0
DA:103,0
DA:104,0
DA:105,0
DA:106,0
DA:107,0
DA:108,0
DA:109,0
DA:110,0
DA:111,0
DA:112,0
DA:113,0
DA:114,0
DA:115,0
DA:116,0
DA:117,0
DA:118,0
DA:119,0
DA:120,0
DA:122,0
DA:123,0
DA:124,0
DA:125,0
DA:126,0
DA:127,0
DA:128,0
DA:130,0
DA:131,0
DA:132,0
DA:133,0
DA:134,0
DA:135,0
DA:136,0
DA:137,0
DA:138,0
DA:139,0
DA:140,0
DA:141,0
DA:142,0
DA:143,0
DA:144,0
DA:145,0
DA:146,0
DA:147,0
DA:148,0
DA:149,0
DA:150,0
DA:151,0
DA:152,0
DA:155,0
DA:156,0
DA:157,0
DA:158,0
DA:159,0
DA:160,0
DA:162,0
DA:163,0
DA:164,0
DA:165,0
DA:168,0
DA:169,0
DA:170,0
DA:171,0
DA:172,0
DA:173,0
DA:174,0
DA:175,0
DA:176,0
DA:177,0
DA:178,0
DA:179,0
DA:182,0
DA:183,0
DA:184,0
DA:185,0
DA:186,0
DA:187,0
DA:188,0
DA:190,0
DA:191,0
DA:192,0
DA:193,0
DA:194,0
DA:195,0
DA:196,0
DA:197,0
LF:165
LH:0
BRDA:1,0,0,1
BRF:1
BRH:1
end_of_record
TN:
SF:src/tests/utils/testHelpers.ts
FN:1,(empty-report)
FNF:1
FNH:0
FNDA:0,(empty-report)
DA:1,0
DA:2,0
DA:3,0
DA:5,0
DA:12,0
DA:13,0
DA:14,0
DA:15,0
DA:16,0
DA:17,0
DA:18,0
DA:19,0
DA:20,0
DA:21,0
DA:22,0
DA:23,0
DA:24,0
DA:25,0
DA:26,0
DA:27,0
DA:28,0
DA:29,0
DA:30,0
DA:31,0
DA:32,0
DA:33,0
DA:34,0
DA:35,0
DA:36,0
DA:37,0
DA:38,0
DA:39,0
DA:40,0
DA:41,0
DA:42,0
DA:43,0
DA:44,0
DA:45,0
DA:46,0
DA:47,0
DA:49,0
DA:50,0
DA:51,0
DA:53,0
DA:54,0
DA:57,0
DA:58,0
DA:59,0
DA:60,0
DA:61,0
DA:62,0
DA:63,0
DA:64,0
DA:65,0
DA:66,0
DA:67,0
DA:68,0
DA:69,0
DA:70,0
DA:71,0
DA:72,0
DA:73,0
DA:74,0
DA:75,0
DA:76,0
DA:77,0
DA:78,0
DA:79,0
DA:80,0
DA:81,0
DA:82,0
DA:83,0
DA:84,0
DA:85,0
DA:86,0
DA:87,0
DA:88,0
DA:89,0
DA:90,0
DA:91,0
DA:92,0
DA:93,0
DA:94,0
DA:95,0
DA:96,0
DA:97,0
DA:98,0
DA:99,0
DA:100,0
DA:101,0
DA:102,0
DA:103,0
DA:105,0
DA:106,0
DA:107,0
DA:108,0
DA:109,0
DA:110,0
DA:111,0
DA:123,0
DA:124,0
DA:125,0
DA:126,0
DA:127,0
DA:128,0
DA:129,0
DA:130,0
DA:131,0
DA:132,0
DA:133,0
DA:134,0
DA:136,0
DA:137,0
DA:138,0
DA:139,0
DA:140,0
DA:142,0
DA:143,0
DA:144,0
DA:145,0
DA:146,0
DA:147,0
DA:148,0
DA:149,0
DA:150,0
DA:153,0
DA:156,0
DA:157,0
DA:158,0
DA:159,0
DA:162,0
DA:163,0
DA:164,0
DA:165,0
DA:166,0
DA:167,0
DA:168,0
DA:169,0
DA:170,0
DA:171,0
DA:172,0
DA:173,0
DA:174,0
DA:175,0
DA:176,0
DA:177,0
DA:178,0
DA:179,0
DA:180,0
DA:181,0
DA:182,0
DA:183,0
DA:184,0
DA:185,0
DA:186,0
DA:189,0
DA:190,0
DA:191,0
DA:192,0
DA:193,0
DA:195,0
DA:196,0
DA:197,0
DA:198,0
DA:200,0
DA:201,0
DA:202,0
DA:203,0
DA:204,0
DA:207,0
DA:208,0
DA:209,0
DA:210,0
DA:211,0
DA:212,0
DA:213,0
DA:214,0
DA:217,0
DA:218,0
DA:219,0
DA:220,0
DA:223,0
DA:224,0
DA:225,0
DA:226,0
DA:227,0
DA:228,0
DA:229,0
DA:230,0
DA:231,0
DA:232,0
DA:233,0
DA:234,0
LF:193
LH:0
BRDA:1,0,0,0
BRF:1
BRH:0
end_of_record
TN:
SF:src/types/index.ts
FN:1,(empty-report)
FNF:1
FNH:1
FNDA:1,(empty-report)
LF:0
LH:0
BRDA:1,0,0,1
BRF:1
BRH:1
end_of_record
TN:
SF:src/utils/logger.ts
FN:25,<instance_members_initializer>
FN:30,Logger
FN:42,shouldLog
FN:46,formatMessage
FN:53,addToBuffer
FN:60,log
FN:101,sendToLoggingService
FN:117,debug
FN:121,info
FN:125,warn
FN:129,error
FN:134,getLogBuffer
FN:138,clearBuffer
FN:142,setLogLevel
FN:147,createComponentLogger
FN:149,debug
FN:150,info
FN:151,warn
FN:152,error
FNF:19
FNH:13
FNDA:3,<instance_members_initializer>
FNDA:3,Logger
FNDA:651,shouldLog
FNDA:651,formatMessage
FNDA:651,addToBuffer
FNDA:651,log
FNDA:0,sendToLoggingService
FNDA:576,debug
FNDA:65,info
FNDA:6,warn
FNDA:4,error
FNDA:0,getLogBuffer
FNDA:0,clearBuffer
FNDA:0,setLogLevel
FNDA:5,createComponentLogger
FNDA:86,debug
FNDA:0,info
FNDA:6,warn
FNDA:0,error
DA:8,1
DA:9,1
DA:10,1
DA:11,1
DA:12,1
DA:13,1
DA:24,1
DA:25,1
DA:26,3
DA:27,3
DA:28,3
DA:30,1
DA:31,3
DA:34,3
DA:35,3
DA:36,3
DA:38,0
DA:39,0
DA:40,3
DA:42,1
DA:43,651
DA:44,651
DA:46,1
DA:47,651
DA:48,651
DA:49,651
DA:50,651
DA:51,651
DA:53,1
DA:54,651
DA:55,651
DA:56,424
DA:57,424
DA:58,651
DA:60,1
DA:61,651
DA:62,0
DA:63,0
DA:65,651
DA:66,651
DA:67,651
DA:68,651
DA:69,651
DA:70,651
DA:71,651
DA:73,651
DA:75,651
DA:78,651
DA:79,651
DA:80,651
DA:81,576
DA:82,576
DA:83,651
DA:84,65
DA:85,65
DA:86,651
DA:87,6
DA:88,6
DA:89,651
DA:90,4
DA:91,4
DA:92,651
DA:93,651
DA:96,651
DA:97,0
DA:98,0
DA:99,651
DA:101,1
DA:104,0
DA:111,0
DA:113,0
DA:114,0
DA:117,1
DA:118,576
DA:119,576
DA:121,1
DA:122,65
DA:123,65
DA:125,1
DA:126,6
DA:127,6
DA:129,1
DA:130,4
DA:131,4
DA:134,1
DA:135,0
DA:136,0
DA:138,1
DA:139,0
DA:140,0
DA:142,1
DA:143,0
DA:144,0
DA:147,1
DA:148,5
DA:149,5
DA:150,5
DA:151,5
DA:152,5
DA:153,5
DA:154,5
DA:155,1
DA:158,1
DA:161,1
DA:162,1
DA:163,1
DA:164,1
DA:165,1
DA:166,1
DA:167,1
DA:169,1
LF:111
LH:95
BRDA:8,0,0,3
BRDA:25,1,0,3
BRDA:30,2,0,3
BRDA:36,3,0,0
BRDA:42,4,0,651
BRDA:46,5,0,651
BRDA:49,6,0,92
BRDA:49,7,0,559
BRDA:53,8,0,651
BRDA:55,9,0,424
BRDA:60,10,0,651
BRDA:61,11,0,0
BRDA:78,12,0,0
BRDA:80,13,0,576
BRDA:81,14,0,244
BRDA:83,15,0,65
BRDA:84,16,0,2
BRDA:86,17,0,6
BRDA:87,18,0,4
BRDA:89,19,0,4
BRDA:90,20,0,0
BRDA:96,21,0,0
BRDA:96,22,0,0
BRDA:117,23,0,576
BRDA:121,24,0,65
BRDA:125,25,0,6
BRDA:129,26,0,4
BRDA:147,27,0,5
BRDA:149,28,0,86
BRDA:151,29,0,6
BRF:30
BRH:24
end_of_record
TN:
SF:src/utils/typeSystem.ts
FN:52,convert
FN:66,convert
FN:80,convert
FN:94,convert
FN:106,convert
FN:124,convert
FN:163,convert
FN:183,convert
FN:210,convert
FN:218,convert
FN:227,parseTypeAnnotation
FN:231,parseTypeAnnotationInternal
FN:305,parseUnionTypes
FN:335,parseLiteralValues
FN:375,parseLiteralValue
FN:385,findTopLevelComma
FN:415,validateValueAgainstType
FN:501,validatePrimitiveType
FN:552,validateListType
FN:577,validateDictType
FN:614,validateSetType
FN:650,validateTupleType
FN:677,generateUnionTypeSuggestion
FN:701,generateIntSuggestion
FN:715,generateFloatSuggestion
FN:729,generateStrSuggestion
FN:736,generateBoolSuggestion
FN:751,getValueTypeDescription
FN:763,inferPythonTypeFromValue
FN:818,findCommonType
FN:866,deepTypeEquals
FN:890,inferTypeFromString
FN:917,parsePythonStyleDict
FN:939,extractNestedObjectString
FN:961,inferPythonTypeFromValueWithFormat
FN:1041,inferActualKeyType
FN:1057,autoDetectTypeFromInput
FN:1168,autoDetectAndConvert
FN:1185,formatTypeSpec
FN:1227,simplifyPythonType
FN:1232,getPlaceholderForType
FN:1237,formatValueForInput
FN:1247,getTypeExamples
FN:1252,getTypeDescription
FNF:44
FNH:14
FNDA:30,convert
FNDA:0,convert
FNDA:365,convert
FNDA:0,convert
FNDA:0,convert
FNDA:0,convert
FNDA:0,convert
FNDA:0,convert
FNDA:0,convert
FNDA:0,convert
FNDA:1043,parseTypeAnnotation
FNDA:1043,parseTypeAnnotationInternal
FNDA:0,parseUnionTypes
FNDA:0,parseLiteralValues
FNDA:0,parseLiteralValue
FNDA:0,findTopLevelComma
FNDA:392,validateValueAgainstType
FNDA:152,validatePrimitiveType
FNDA:240,validateListType
FNDA:0,validateDictType
FNDA:0,validateSetType
FNDA:0,validateTupleType
FNDA:0,generateUnionTypeSuggestion
FNDA:122,generateIntSuggestion
FNDA:0,generateFloatSuggestion
FNDA:0,generateStrSuggestion
FNDA:0,generateBoolSuggestion
FNDA:362,getValueTypeDescription
FNDA:0,inferPythonTypeFromValue
FNDA:0,findCommonType
FNDA:0,deepTypeEquals
FNDA:0,inferTypeFromString
FNDA:0,parsePythonStyleDict
FNDA:0,extractNestedObjectString
FNDA:0,inferPythonTypeFromValueWithFormat
FNDA:0,inferActualKeyType
FNDA:810,autoDetectTypeFromInput
FNDA:395,autoDetectAndConvert
FNDA:0,formatTypeSpec
FNDA:143,simplifyPythonType
FNDA:143,getPlaceholderForType
FNDA:42,formatValueForInput
FNDA:0,getTypeExamples
FNDA:0,getTypeDescription
DA:48,1
DA:50,1
DA:51,1
DA:52,1
DA:53,30
DA:54,30
DA:55,0
DA:56,0
DA:57,30
DA:58,30
DA:59,1
DA:60,1
DA:61,1
DA:62,1
DA:64,1
DA:65,1
DA:66,1
DA:67,0
DA:68,0
DA:69,0
DA:70,0
DA:71,0
DA:72,0
DA:73,1
DA:74,1
DA:75,1
DA:76,1
DA:78,1
DA:79,1
DA:80,1
DA:82,365
DA:83,363
DA:84,363
DA:85,2
DA:86,365
DA:87,1
DA:88,1
DA:89,1
DA:90,1
DA:92,1
DA:93,1
DA:94,1
DA:95,0
DA:96,0
DA:97,0
DA:98,1
DA:99,1
DA:100,1
DA:101,1
DA:104,1
DA:105,1
DA:106,1
DA:107,0
DA:108,0
DA:109,0
DA:110,0
DA:111,0
DA:112,0
DA:113,0
DA:114,0
DA:115,0
DA:116,0
DA:117,1
DA:118,1
DA:119,1
DA:120,1
DA:122,1
DA:123,1
DA:124,1
DA:125,0
DA:127,0
DA:128,0
DA:129,0
DA:130,0
DA:131,0
DA:132,0
DA:134,0
DA:137,0
DA:138,0
DA:140,0
DA:141,0
DA:142,0
DA:143,0
DA:144,0
DA:146,0
DA:147,0
DA:148,0
DA:149,0
DA:150,0
DA:151,0
DA:152,0
DA:153,0
DA:154,0
DA:155,0
DA:156,1
DA:157,1
DA:158,1
DA:159,1
DA:161,1
DA:162,1
DA:163,1
DA:164,0
DA:166,0
DA:167,0
DA:168,0
DA:169,0
DA:170,0
DA:171,0
DA:172,0
DA:173,0
DA:174,0
DA:175,0
DA:176,1
DA:177,1
DA:178,1
DA:179,1
DA:181,1
DA:182,1
DA:183,1
DA:184,0
DA:186,0
DA:187,0
DA:188,0
DA:191,0
DA:192,0
DA:193,0
DA:194,0
DA:195,0
DA:196,0
DA:197,0
DA:198,0
DA:199,0
DA:200,0
DA:201,0
DA:202,1
DA:203,1
DA:204,1
DA:205,1
DA:208,1
DA:209,1
DA:210,1
DA:211,1
DA:212,1
DA:213,1
DA:214,1
DA:216,1
DA:217,1
DA:218,1
DA:219,1
DA:220,1
DA:221,1
DA:222,1
DA:223,1
DA:227,1
DA:228,1043
DA:229,1043
DA:231,1043
DA:233,1043
DA:234,0
DA:235,0
DA:236,0
DA:237,0
DA:240,1043
DA:241,0
DA:242,0
DA:243,0
DA:244,0
DA:245,0
DA:246,0
DA:249,1043
DA:250,0
DA:251,0
DA:252,0
DA:253,0
DA:256,1043
DA:257,372
DA:258,372
DA:259,372
DA:260,372
DA:263,1043
DA:264,0
DA:265,0
DA:267,0
DA:268,0
DA:269,0
DA:270,0
DA:271,0
DA:272,0
DA:273,0
DA:274,0
DA:275,0
DA:276,0
DA:277,0
DA:280,1043
DA:281,0
DA:282,0
DA:283,0
DA:284,0
DA:287,1043
DA:288,0
DA:289,0
DA:290,0
DA:291,0
DA:294,671
DA:295,671
DA:296,671
DA:297,671
DA:300,0
DA:301,0
DA:305,0
DA:306,0
DA:307,0
DA:308,0
DA:310,0
DA:311,0
DA:313,0
DA:314,0
DA:315,0
DA:316,0
DA:317,0
DA:318,0
DA:319,0
DA:320,0
DA:321,0
DA:322,0
DA:323,0
DA:325,0
DA:326,0
DA:328,0
DA:329,0
DA:330,0
DA:332,0
DA:333,0
DA:335,0
DA:336,0
DA:337,0
DA:338,0
DA:339,0
DA:340,0
DA:342,0
DA:343,0
DA:345,0
DA:346,0
DA:347,0
DA:348,0
DA:349,0
DA:350,0
DA:351,0
DA:352,0
DA:353,0
DA:354,0
DA:355,0
DA:356,0
DA:357,0
DA:358,0
DA:359,0
DA:360,0
DA:361,0
DA:362,0
DA:363,0
DA:365,0
DA:366,0
DA:368,0
DA:369,0
DA:370,0
DA:372,0
DA:373,0
DA:375,0
DA:377,0
DA:378,0
DA:379,0
DA:381,0
DA:382,0
DA:383,0
DA:385,0
DA:386,0
DA:387,0
DA:388,0
DA:390,0
DA:391,0
DA:393,0
DA:394,0
DA:395,0
DA:396,0
DA:397,0
DA:398,0
DA:399,0
DA:400,0
DA:401,0
DA:402,0
DA:403,0
DA:404,0
DA:405,0
DA:406,0
DA:407,0
DA:408,0
DA:410,0
DA:411,0
DA:415,1
DA:416,392
DA:417,392
DA:418,392
DA:419,392
DA:421,392
DA:422,0
DA:423,0
DA:426,392
DA:427,0
DA:428,0
DA:429,0
DA:430,0
DA:431,0
DA:432,0
DA:434,0
DA:435,0
DA:436,0
DA:437,0
DA:438,0
DA:439,0
DA:440,0
DA:441,0
DA:444,392
DA:445,0
DA:446,0
DA:447,0
DA:449,0
DA:450,0
DA:451,0
DA:452,0
DA:453,0
DA:454,0
DA:455,0
DA:456,0
DA:457,0
DA:459,0
DA:460,0
DA:463,392
DA:464,0
DA:465,0
DA:466,0
DA:467,0
DA:468,0
DA:469,0
DA:470,0
DA:471,0
DA:472,0
DA:473,0
DA:476,392
DA:477,152
DA:478,152
DA:481,240
DA:482,240
DA:483,240
DA:485,0
DA:486,0
DA:487,0
DA:489,0
DA:490,0
DA:491,0
DA:493,0
DA:494,0
DA:495,0
DA:498,0
DA:499,0
DA:501,152
DA:502,152
DA:503,152
DA:504,152
DA:505,30
DA:506,30
DA:507,122
DA:508,122
DA:509,122
DA:510,122
DA:511,122
DA:512,122
DA:514,152
DA:515,0
DA:516,0
DA:517,0
DA:518,0
DA:519,0
DA:520,0
DA:521,0
DA:522,0
DA:523,0
DA:525,152
DA:526,0
DA:527,0
DA:528,0
DA:529,0
DA:530,0
DA:531,0
DA:532,0
DA:533,0
DA:534,0
DA:536,152
DA:537,0
DA:538,0
DA:539,0
DA:540,0
DA:541,0
DA:542,0
DA:543,0
DA:544,0
DA:545,0
DA:547,152
DA:548,0
DA:549,152
DA:550,152
DA:552,240
DA:553,240
DA:554,240
DA:555,240
DA:556,240
DA:557,240
DA:558,240
DA:559,240
DA:560,240
DA:563,0
DA:564,0
DA:565,0
DA:566,0
DA:567,0
DA:568,0
DA:569,0
DA:570,0
DA:571,0
DA:572,0
DA:574,0
DA:575,0
DA:577,0
DA:578,0
DA:579,0
DA:580,0
DA:581,0
DA:582,0
DA:583,0
DA:584,0
DA:585,0
DA:588,0
DA:590,0
DA:591,0
DA:592,0
DA:593,0
DA:594,0
DA:595,0
DA:596,0
DA:597,0
DA:598,0
DA:601,0
DA:602,0
DA:603,0
DA:604,0
DA:605,0
DA:606,0
DA:607,0
DA:608,0
DA:609,0
DA:611,0
DA:612,0
DA:614,0
DA:615,0
DA:616,0
DA:617,0
DA:618,0
DA:619,0
DA:620,0
DA:621,0
DA:622,0
DA:625,0
DA:626,0
DA:627,0
DA:628,0
DA:629,0
DA:630,0
DA:631,0
DA:632,0
DA:633,0
DA:636,0
DA:637,0
DA:638,0
DA:639,0
DA:640,0
DA:641,0
DA:642,0
DA:643,0
DA:644,0
DA:645,0
DA:647,0
DA:648,0
DA:650,0
DA:651,0
DA:652,0
DA:653,0
DA:654,0
DA:655,0
DA:656,0
DA:657,0
DA:658,0
DA:661,0
DA:662,0
DA:663,0
DA:664,0
DA:665,0
DA:666,0
DA:667,0
DA:668,0
DA:669,0
DA:670,0
DA:672,0
DA:673,0
DA:677,0
DA:679,0
DA:680,0
DA:681,0
DA:682,0
DA:683,0
DA:684,0
DA:685,0
DA:686,0
DA:687,0
DA:688,0
DA:689,0
DA:690,0
DA:691,0
DA:692,0
DA:693,0
DA:694,0
DA:695,0
DA:698,0
DA:699,0
DA:701,122
DA:702,122
DA:703,0
DA:704,0
DA:705,122
DA:706,122
DA:707,122
DA:708,122
DA:709,0
DA:710,0
DA:711,0
DA:712,0
DA:713,0
DA:715,0
DA:716,0
DA:717,0
DA:718,0
DA:719,0
DA:720,0
DA:721,0
DA:722,0
DA:723,0
DA:724,0
DA:725,0
DA:726,0
DA:727,0
DA:729,0
DA:730,0
DA:731,0
DA:732,0
DA:733,0
DA:734,0
DA:736,0
DA:737,0
DA:738,0
DA:739,0
DA:740,0
DA:741,0
DA:742,0
DA:743,0
DA:744,0
DA:745,0
DA:746,0
DA:747,0
DA:748,0
DA:749,0
DA:751,362
DA:752,362
DA:753,362
DA:754,362
DA:755,362
DA:756,0
DA:757,0
DA:758,362
DA:759,362
DA:763,1
DA:764,0
DA:765,0
DA:766,0
DA:769,0
DA:770,0
DA:771,0
DA:773,0
DA:774,0
DA:775,0
DA:777,0
DA:778,0
DA:779,0
DA:782,0
DA:783,0
DA:784,0
DA:785,0
DA:788,0
DA:789,0
DA:791,0
DA:792,0
DA:795,0
DA:796,0
DA:797,0
DA:798,0
DA:799,0
DA:802,0
DA:803,0
DA:805,0
DA:806,0
DA:808,0
DA:809,0
DA:810,0
DA:811,0
DA:812,0
DA:813,0
DA:815,0
DA:816,0
DA:818,1
DA:819,0
DA:820,0
DA:823,0
DA:824,0
DA:825,0
DA:828,0
DA:829,0
DA:830,0
DA:832,0
DA:833,0
DA:834,0
DA:837,0
DA:838,0
DA:839,0
DA:840,0
DA:841,0
DA:843,0
DA:844,0
DA:845,0
DA:846,0
DA:847,0
DA:848,0
DA:849,0
DA:850,0
DA:851,0
DA:852,0
DA:855,0
DA:856,0
DA:857,0
DA:859,0
DA:860,0
DA:861,0
DA:863,0
DA:864,0
DA:866,1
DA:867,0
DA:869,0
DA:870,0
DA:871,0
DA:873,0
DA:874,0
DA:875,0
DA:876,0
DA:878,0
DA:879,0
DA:880,0
DA:882,0
DA:884,0
DA:885,0
DA:887,0
DA:888,0
DA:890,1
DA:892,0
DA:893,0
DA:894,0
DA:897,0
DA:898,0
DA:899,0
DA:902,0
DA:903,0
DA:904,0
DA:907,0
DA:908,0
DA:909,0
DA:912,0
DA:913,0
DA:917,0
DA:920,0
DA:921,0
DA:923,0
DA:924,0
DA:925,0
DA:926,0
DA:927,0
DA:930,0
DA:932,0
DA:933,0
DA:934,0
DA:935,0
DA:936,0
DA:937,0
DA:939,0
DA:941,0
DA:943,0
DA:944,0
DA:946,0
DA:947,0
DA:948,0
DA:949,0
DA:951,0
DA:952,0
DA:953,0
DA:954,0
DA:956,0
DA:958,0
DA:959,0
DA:961,0
DA:962,0
DA:963,0
DA:964,0
DA:966,0
DA:967,0
DA:968,0
DA:970,0
DA:971,0
DA:972,0
DA:974,0
DA:975,0
DA:976,0
DA:978,0
DA:979,0
DA:980,0
DA:981,0
DA:984,0
DA:985,0
DA:987,0
DA:988,0
DA:990,0
DA:991,0
DA:992,0
DA:993,0
DA:994,0
DA:997,0
DA:999,0
DA:1000,0
DA:1001,0
DA:1003,0
DA:1005,0
DA:1006,0
DA:1008,0
DA:1009,0
DA:1010,0
DA:1013,0
DA:1014,0
DA:1017,0
DA:1018,0
DA:1020,0
DA:1021,0
DA:1022,0
DA:1023,0
DA:1024,0
DA:1025,0
DA:1026,0
DA:1028,0
DA:1029,0
DA:1031,0
DA:1032,0
DA:1033,0
DA:1034,0
DA:1035,0
DA:1036,0
DA:1038,0
DA:1039,0
DA:1041,0
DA:1043,0
DA:1044,0
DA:1045,0
DA:1046,0
DA:1047,0
DA:1048,0
DA:1049,0
DA:1050,0
DA:1051,0
DA:1052,0
DA:1053,0
DA:1057,1
DA:1058,810
DA:1059,0
DA:1060,0
DA:1062,810
DA:1065,810
DA:1066,0
DA:1067,0
DA:1069,810
DA:1070,0
DA:1071,0
DA:1074,810
DA:1075,85
DA:1076,85
DA:1079,810
DA:1080,0
DA:1081,0
DA:1088,810
DA:1089,0
DA:1090,0
DA:1093,810
DA:1094,725
DA:1095,810
DA:1097,0
DA:1098,0
DA:1101,0
DA:1102,0
DA:1103,0
DA:1104,0
DA:1105,0
DA:1106,0
DA:1107,0
DA:1108,0
DA:1109,0
DA:1110,0
DA:1113,0
DA:1115,0
DA:1116,0
DA:1117,0
DA:1118,0
DA:1119,0
DA:1120,0
DA:1121,0
DA:1122,0
DA:1124,0
DA:1125,0
DA:1126,0
DA:1127,0
DA:1128,0
DA:1129,0
DA:1130,0
DA:1131,0
DA:1132,0
DA:1133,0
DA:1134,0
DA:1135,0
DA:1136,0
DA:1138,0
DA:1139,0
DA:1141,0
DA:1142,0
DA:1143,0
DA:1144,0
DA:1147,810
DA:1148,810
DA:1149,723
DA:1150,723
DA:1153,2
DA:1154,810
DA:1155,2
DA:1156,2
DA:1159,0
DA:1160,810
DA:1161,0
DA:1162,0
DA:1165,0
DA:1166,0
DA:1168,1
DA:1169,395
DA:1170,395
DA:1172,395
DA:1173,395
DA:1174,395
DA:1175,395
DA:1176,0
DA:1177,0
DA:1178,395
DA:1180,0
DA:1181,0
DA:1185,1
DA:1186,0
DA:1188,0
DA:1189,0
DA:1190,0
DA:1191,0
DA:1192,0
DA:1193,0
DA:1194,0
DA:1196,0
DA:1197,0
DA:1199,0
DA:1200,0
DA:1201,0
DA:1202,0
DA:1203,0
DA:1204,0
DA:1206,0
DA:1207,0
DA:1209,0
DA:1210,0
DA:1211,0
DA:1212,0
DA:1214,0
DA:1215,0
DA:1217,0
DA:1218,0
DA:1220,0
DA:1221,0
DA:1222,0
DA:1223,0
DA:1227,1
DA:1228,143
DA:1229,143
DA:1230,143
DA:1232,1
DA:1233,143
DA:1234,143
DA:1235,143
DA:1237,1
DA:1238,42
DA:1239,42
DA:1240,42
DA:1241,42
DA:1242,2
DA:1243,2
DA:1244,1
DA:1245,1
DA:1247,1
DA:1248,0
DA:1249,0
DA:1250,0
DA:1252,1
DA:1253,0
DA:1254,0
DA:1255,0
LF:936
LH:209
BRDA:52,0,0,30
BRDA:54,1,0,0
BRDA:80,2,0,365
BRDA:82,3,0,363
BRDA:82,4,0,2
BRDA:82,5,0,0
BRDA:82,6,0,363
BRDA:84,7,0,2
BRDA:227,8,0,1043
BRDA:231,9,0,1043
BRDA:233,10,0,0
BRDA:233,11,0,0
BRDA:240,12,0,0
BRDA:240,13,0,0
BRDA:249,14,0,0
BRDA:249,15,0,0
BRDA:256,16,0,671
BRDA:256,17,0,372
BRDA:256,18,0,372
BRDA:260,19,0,671
BRDA:263,20,0,0
BRDA:263,21,0,0
BRDA:277,22,0,671
BRDA:280,23,0,0
BRDA:280,24,0,0
BRDA:284,25,0,671
BRDA:287,26,0,0
BRDA:287,27,0,0
BRDA:291,28,0,671
BRDA:297,29,0,0
BRDA:415,30,0,392
BRDA:421,31,0,0
BRDA:426,32,0,0
BRDA:426,33,0,0
BRDA:444,34,0,0
BRDA:444,35,0,0
BRDA:463,36,0,0
BRDA:476,37,0,152
BRDA:478,38,0,240
BRDA:483,39,0,0
BRDA:501,40,0,152
BRDA:504,41,0,30
BRDA:504,42,0,30
BRDA:506,43,0,122
BRDA:514,44,0,0
BRDA:525,45,0,0
BRDA:536,46,0,0
BRDA:547,47,0,0
BRDA:552,48,0,240
BRDA:560,49,0,0
BRDA:701,50,0,122
BRDA:702,51,0,0
BRDA:707,52,0,113
BRDA:707,53,0,9
BRDA:708,54,0,0
BRDA:751,55,0,362
BRDA:752,56,0,0
BRDA:753,57,0,0
BRDA:754,58,0,0
BRDA:755,59,0,0
BRDA:1057,60,0,810
BRDA:1058,61,0,0
BRDA:1065,62,0,0
BRDA:1069,63,0,0
BRDA:1074,64,0,85
BRDA:1076,65,0,725
BRDA:1079,66,0,0
BRDA:1081,67,0,725
BRDA:1088,68,0,0
BRDA:1090,69,0,725
BRDA:1093,70,0,0
BRDA:1093,71,0,725
BRDA:1094,72,0,0
BRDA:1094,73,0,725
BRDA:1095,74,0,0
BRDA:1095,75,0,0
BRDA:1144,76,0,725
BRDA:1147,77,0,723
BRDA:1147,78,0,2
BRDA:1148,79,0,0
BRDA:1148,80,0,723
BRDA:1150,81,0,2
BRDA:1153,82,0,0
BRDA:1154,83,0,2
BRDA:1156,84,0,0
BRDA:1160,85,0,0
BRDA:1168,86,0,395
BRDA:1175,87,0,0
BRDA:1178,88,0,0
BRDA:1227,89,0,143
BRDA:1232,90,0,143
BRDA:1234,91,0,0
BRDA:1237,92,0,42
BRDA:1238,93,0,0
BRDA:1239,94,0,0
BRDA:1240,95,0,39
BRDA:1240,96,0,3
BRDA:1241,97,0,1
BRDA:1241,98,0,2
BRDA:1243,99,0,1
BRF:100
BRH:49
end_of_record
